epoch,acc,loss,val_acc,val_loss
0,0.81520113554494134,0.51625237999291251,0.78446214862791186,0.53295125096917628
0,0.81525860444225118,0.47760557267686415,0.78446214862791186,0.52685323274468043
1,0.81544384679688242,0.47520573981624226,0.78446214862791186,0.527529243691509
2,0.81530015674216905,0.47451001062874043,0.78446214862791186,0.52963002061701392
3,0.81541510618297919,0.47352690439794715,0.78446214862791186,0.52910216912567853
4,0.81558753585124777,0.47172134056253556,0.78446214862791186,0.52839077035506887
5,0.81527141833108718,0.46913358058008436,0.78446214862791186,0.52077507652134536
6,0.81524268038249492,0.46228353279426315,0.78446214862791186,0.51827840420948079
7,0.8147253931659828,0.45480908385247276,0.78446214862791186,0.52245730675192947
8,0.81633472603641888,0.44670007840845094,0.7908366516648061,0.4930040251567544
9,0.82328934938012721,0.43719567171656532,0.79561752811133624,0.48751031429287922
10,0.82909444812714694,0.43129453129301359,0.79960159161888744,0.47365544801689241
11,0.8331177836502921,0.42653813121918133,0.80358565482960276,0.46908723108796957
12,0.83610654757359071,0.42287565797955345,0.80796812492537784,0.46433634833391918
13,0.83788831347990544,0.41847763066456661,0.81434262677492852,0.45495119299071718
14,0.83906657308580734,0.41738986797187783,0.81354581217366861,0.4606992927086781
15,0.84064717065583294,0.41375036470971649,0.81792828488159941,0.45569956468870915
16,0.84113571788194652,0.41283799962644302,0.81992031573002555,0.4545207389025574
17,0.84300369363949723,0.4096190977366172,0.82191234660813528,0.44846008878305138
18,0.84286000524632088,0.40897065572969277,0.82231075266205456,0.44804840442906335
19,0.84576255545402512,0.40504572256325982,0.82430278530633783,0.44651032399490059
20,0.8458487673504933,0.40457001092170347,0.82629481527909809,0.44973859748992312
21,0.84734315019429896,0.40043112018702615,0.82868525540211291,0.44160410183003224
22,0.84791791159164487,0.40004040320159329,0.82310756643217398,0.44183999736351798
23,0.84832024765442193,0.39850374090776713,0.82988047397944087,0.43665834540033721
24,0.8502169618024995,0.39359474106588921,0.82749003741845661,0.43499226301196087
25,0.84992958204936109,0.39356078528965993,0.82709163023656107,0.43713906297526989
26,0.85130900991618352,0.39110344136582093,0.82470119070721815,0.43851111056023384
27,0.85444146334948534,0.38690729716024402,0.8334661295630067,0.45896990459219394
28,0.85426903432870238,0.38656566196787467,0.82948206724279905,0.47594551753950309
29,0.8545564180386972,0.38387740455550923,0.82988047442469459,0.46405879506076947
0,0.85612068102620109,0.38231447007207348,0.83306772727890321,0.42999916464327814
1,0.85674051412217944,0.37989759548394147,0.83187250632688814,0.43140867477156725
2,0.85783256134514252,0.37824565771033952,0.8334661332734552,0.4343642763110746
3,0.85872344594270766,0.3762562501578508,0.83346613208611176,0.42474234176881287
4,0.85880966088475619,0.37417952690014339,0.83824700995745416,0.42666857642125322
5,0.85981549123006573,0.37004836700796945,0.83346612941458875,0.43192346774011969
6,0.86102249378972617,0.36936113653633279,0.83745019499999118,0.43935148888434544
7,0.8614248273790398,0.3675825956940264,0.84741035495621275,0.41987371257695544
8,0.8621432781870394,0.36652996230835261,0.84741035139418219,0.41623258468995533
9,0.86280425504373714,0.36488448685022745,0.84103585310666207,0.42963083649417794
10,0.86369513735626058,0.36244164664577394,0.85657369995497135,0.4140590549821398
11,0.86363765728981712,0.3602613886521151,0.84621513519154123,0.42052436584376718
12,0.8636089245759232,0.36101452485238644,0.85537848137764338,0.4113112525101677
13,0.86513204134294763,0.35891564049713776,0.85099601068819664,0.41677731406166257
14,0.86507456672017924,0.35843189507889867,0.85059760350630098,0.41234671560476027
15,0.86740235520850772,0.35334306019395406,0.84422310225042219,0.44428387453475321
16,0.86791963852297715,0.35202318411447309,0.84262947945955735,0.43679517543173407
17,0.86705749659482501,0.35387375228558543,0.85139441905743574,0.41360667101534238
18,0.86780468885948681,0.3496396509362496,0.84741035673722798,0.41748288549868712
19,0.86927032831102502,0.34694966096424057,0.85258963941577892,0.41339309323593915
20,0.87087966582006149,0.34375816541666765,0.85059760766200332,0.41435988311214278
21,0.8691841173087036,0.34628714404767469,0.82470118951987459,0.45541759247917579
22,0.87018994985340858,0.34366315072592118,0.85099600712616608,0.40987763069273231
23,0.87096587915196066,0.34114157335441042,0.85657369817395612,0.40458243595532689
24,0.87340861981835316,0.33984082499673957,0.85139441668274873,0.41137261840095557
25,0.87297755119241949,0.33896251847374886,0.84581673157167625,0.42170358691141901
26,0.87248900011222519,0.34010088646480757,0.85019919751174899,0.4070899717925317
27,0.87386843259709279,0.33474437314924382,0.85179282267730072,0.41262994747445642
28,0.87343736022670548,0.33497796318556866,0.85936254132316403,0.39847977385221722
29,0.87332240190266719,0.33439084782116879,0.85139441846376396,0.41203804697054791
0,0.87442528002563569,0.33190919632284804,0.85737051135040376,0.40491165514604976
1,0.87542028806982231,0.33011150173398618,0.85896413770329905,0.40777895362134947
2,0.87570766906311837,0.32956057149990436,0.86254979462262649,0.40400358682787751
3,0.87631116801850961,0.32641491540782452,0.84780875620139073,0.41662314394674455
4,0.87705836095806378,0.32621069639098127,0.85458166582650874,0.40468509594698349
5,0.87763312234513202,0.32623160550792141,0.85697210476217989,0.4061754357470459
6,0.87838031357176138,0.32407820860514008,0.85099600831350952,0.40669209352764951
7,0.87878264854511834,0.323227937072948,0.86015935687429879,0.40035117521466485
8,0.87769059930432991,0.32328356414057829,0.86175298441453763,0.39928312129174098
9,0.87892633906574735,0.32154448513042982,0.85498007241473251,0.40473128779535272
10,0.87975974097952003,0.32095117488136804,0.86215138922174617,0.39499091024536537
11,0.87881138502402112,0.32011520446467084,0.86215138803440261,0.40123193188611256
12,0.87941488563067183,0.31889316337581103,0.82828684854673673,0.43067139378225661
13,0.88116790995356797,0.31628316719734068,0.84023903339982509,0.41758487982104026
14,0.88108169708073258,0.31545758582723343,0.85976095206709024,0.39521711702603268
15,0.88329453143826275,0.31373130390579806,0.85258963466640492,0.4062155044722961
16,0.88136907742311721,0.31351575515630087,0.85976094909873146,0.41356716974382379
17,0.88401298470602241,0.31180055991419398,0.85577688381016492,0.40151457136786317
18,0.88346695939360653,0.30936787694878465,0.85856572874038817,0.40059456091181217
19,0.88398424486293525,0.30943446007923109,0.86095616945707465,0.40076813223471203
20,0.88369686538729064,0.30849041636527591,0.86294820061717847,0.39650921713545978
21,0.88524872326839243,0.30692321282027557,0.85816732630786663,0.39815100807830156
22,0.8846164839286299,0.30666973402805942,0.85856572624696681,0.39887979950206687
23,0.88685805719056432,0.30368402366088748,0.85099601056946228,0.39762664532875158
24,0.88553610193553656,0.30615542253836558,0.83665338122987176,0.41644102732736277
25,0.88774893891384166,0.30239870569951049,0.86095616708238765,0.40387978980621969
26,0.88616834119993038,0.30344406944297664,0.84103585013830329,0.43678819607809721
27,0.88542115122373621,0.30386099675602551,0.84780876095076485,0.40329323593245087
28,0.88875477150993432,0.29857937397020085,0.85577688796586726,0.39056690624985563
29,0.88789262728303708,0.29892771905991739,0.84820716623291081,0.40607889703070499
0,0.8876724087301342,0.29801520459011366,0.853386446655509,0.39591694077053868
1,0.88978934456234116,0.29567294645782899,0.85617529099206047,0.40453338223802615
2,0.89088139199085525,0.29488186619797496,0.85059760588098809,0.39055764977912977
3,0.89093886789831722,0.29253057560095225,0.85139441715768605,0.39605322992243613
4,0.88861108443913595,0.2967085013600243,0.84820716563923904,0.39721882666843344
5,0.89099634620387391,0.29102426143373555,0.86454182459538675,0.39898588582576511
6,0.89024915402485838,0.29284363165512767,0.84501991634706097,0.40183201733516505
7,0.89162858240898402,0.29001987343835234,0.86015935568695523,0.3934141601699282
8,0.89134120298130137,0.28853163352448608,0.80597609014387628,0.45884182707840704
9,0.8918584861861435,0.28912340177379231,0.8537848573994351,0.39501289324278377
10,0.89188722685143451,0.28644207485437045,0.83944222722870421,0.397360795166388
11,0.8950771564114528,0.28642530404730365,0.84820716575797339,0.38797996507816579
12,0.89458860941487117,0.28251372365224298,0.86494023237095408,0.39342394644817508
13,0.89165732219383165,0.28741376213781838,0.85019919691807722,0.38943865237779829
14,0.89542201421663503,0.28193011023629844,0.8490039771534057,0.39157136992748043
15,0.89404258537687142,0.28416663790561414,0.84541832189635924,0.39549578723323298
16,0.89579561022734833,0.2802461863491636,0.83585657179355621,0.41205186002045513
17,0.89593930139888867,0.27961098209499241,0.84860557056518193,0.40999117840927435
18,0.89533580028863802,0.2794519347165012,0.83984063396534592,0.40372283222428357
19,0.89628415772410397,0.27843335277776177,0.85338644784285256,0.40669160556656669
20,0.89625541978578926,0.27688578518407458,0.85219122985919638,0.399192221433043
21,0.89786475590050496,0.27446774628012194,0.85378485443107632,0.39878280431150914
22,0.89737620576241928,0.27564889436801432,0.8482071638582237,0.40543404231923985
0,0.89752873213126738,0.27656330663882112,0.81195219223242832,0.44697981948159132
23,0.89760611030011728,0.27476693716801714,0.84741035139418219,0.40406127156786237
1,0.89930166104855502,0.27247636874119407,0.84940239134062812,0.39734148078290116
24,0.89947409037766446,0.27086627646309891,0.83505975653925735,0.40843979560165289
2,0.89898553902682798,0.27123675898415922,0.84183266794539069,0.41237970932843199
25,0.90062361069204111,0.27042649200765156,0.85697210654319522,0.39629713545341888
3,0.89800844568800209,0.27205262268213415,0.85099601294414928,0.41269494252524291
26,0.89829582756174142,0.27393595767851264,0.83745019488125683,0.41083315258244596
4,0.89711756252244201,0.27455308817993562,0.83944222794111034,0.40758068639918626
27,0.90076730560460927,0.2690001139508022,0.82828685225718524,0.40238481733309794
5,0.898267088773816,0.27465453867479334,0.84820716160227105,0.43463565930130471
28,0.90088225661103272,0.26717190055378581,0.84780875857607774,0.40508615491221628
6,0.90010632730220297,0.27047771089795808,0.84501991233977669,0.40277240737025954
7,0.89979020856929159,0.26774780099902801,0.84980078973618156,0.42797872093153666
8,0.90191683012935508,0.26619426582965589,0.82948207127976703,0.40970525843095018
9,0.90180187939014789,0.26676441663121153,0.83187250680182556,0.41283283762604117
10,0.89990515969904561,0.26988922033328233,0.82470119518943996,0.41764330239113107
11,0.90096847083365283,0.26639112131674131,0.83386453855560116,0.4185313364839649
12,0.90338247096151081,0.26360270788864038,0.84581673071085217,0.40097123957368958
13,0.90318130481433956,0.2641718935499891,0.84183266260234479,0.40455273298390831
14,0.90191683005398637,0.26447633566648471,0.84462150646395895,0.40425846507527913
15,0.90240537564254386,0.26277575244793117,0.8231075669071114,0.43455948005337641
16,0.9043883061406941,0.26106736539807729,0.84103585298792771,0.40018576248530374
17,0.9051067592337354,0.26026278174508971,0.84422310225042219,0.40612251408012262
18,0.90493433093580666,0.25852559103071132,0.83944222188565831,0.42424230389593842
19,0.90355490067774125,0.26060174325731089,0.84382469566219831,0.40185821394758869
20,0.90522171202845236,0.25774921165902298,0.83864541149946803,0.41270857513603937
21,0.90582521280639561,0.25617547701433696,0.8199203124203055,0.41691386232160005
22,0.90579647328191248,0.25451428147178617,0.84382469432643681,0.41634920939981224
23,0.90691725939215062,0.25420814885416054,0.85378485443107632,0.42451645025753404
24,0.90645745110469989,0.25321450411595087,0.83505975475824212,0.40182130236134112
25,0.90734832946379285,0.25325757584979652,0.81035856157541275,0.4670949901984745
26,0.90720464244095644,0.25256857067114474,0.82828685178224781,0.41781368948133341
27,0.90898640458911406,0.25088747069687117,0.84900397703467134,0.41072444331301639
28,0.90507802057599229,0.25480820729171905,0.81035855920072575,0.45278016848868108
29,0.90956116651404084,0.24777005004419295,0.83306772745700475,0.4353595949946884
0,0.90818965186675393,0.25016843196240135,0.84262947696613599,0.40044839270561339
1,0.91013592888090222,0.2484898777337041,0.83824700746403269,0.40732898030326187
2,0.90844038104101077,0.24802185246455352,0.80996015632295038,0.42549700896251963
3,0.90964738099359965,0.245486053082557,0.85418326161297198,0.42133499546147202
4,0.90895766705847558,0.24571226359597328,0.84701194765558285,0.40915748084416664
5,0.9094174764456241,0.24603702401166422,0.82071712500308136,0.42728975106520484
6,0.91013592824369416,0.24439602962716178,0.82988047207969118,0.41617900811402919
7,0.90981981152860814,0.2455986766489627,0.83705178769936128,0.41877092824751638
8,0.90947495229142072,0.24448865648786972,0.81912350473532158,0.47007889264964486
9,0.911227980506082,0.24276995762206702,0.82350596933963294,0.43286917857321133
10,0.91367071795902755,0.23946958783950073,0.82828684587521384,0.45104841528779482
11,0.91369945634612848,0.23692447747376252,0.84063744283767339,0.41678681564461662
12,0.91145788233735892,0.24065115851065541,0.80119521271778771,0.49757958046231138
13,0.9139006224693188,0.23793833263844263,0.82549800495227499,0.42238844454704055
14,0.9138144072908867,0.2355216104951241,0.83027888104260206,0.42010407511189402
15,0.91453286010643409,0.23628503690558122,0.84501991679231481,0.41751166869444678
16,0.91430295562012376,0.23688793222112903,0.84023903743679307,0.4235313212669703
17,0.91289478674199964,0.23853554677248281,0.83585657134830238,0.42848325390146075
18,0.91576860023441753,0.23318304648004559,0.80637449576738351,0.47697354931814739
19,0.91450412182896035,0.23516704437273428,0.81752987378147024,0.4295537666495578
20,0.91588355119287901,0.23140333027883442,0.83027887540272027,0.42546901904580842
21,0.91438917017162546,0.23338320119307568,0.84501991352712014,0.42180694644877398
22,0.914389169976352,0.23458431058607696,0.83027888638564795,0.426034901216923
23,0.91519383790524045,0.23080105753565985,0.83306772241079474,0.42581481601582816
24,0.91737793354678809,0.2279944891247043,0.82470118969797612,0.45660991980082011
25,0.91619967035402161,0.22928623902583412,0.83705178398891278,0.44129812149739123
26,0.91734919415591321,0.22859552327378521,0.82629481159833318,0.43359920521270467
27,0.91803890975600022,0.22662759664487123,0.78406373877449342,0.52749695885644488
28,0.91674569556708785,0.22897047167097107,0.80756971263790511,0.47964123870984493
29,0.91941833984277321,0.22366127288090237,0.83346613552940796,0.42836456671653989
0,0.91669540158633533,0.22806254455862546,0.83824700627668924,0.44664758126218007
1,0.91976319627761571,0.22550328805763037,0.82828684839831879,0.42663648018086575
0,0.9180459760386368,0.22694774606297241,0.83784859909479359,0.4265500017222893
2,0.9197919345824962,0.22282250176639973,0.8326693176035862,0.42233571708499196
1,0.91869988821599557,0.22324335295383138,0.85139441775135782,0.42965004180532052
0,0.9186206898470034,0.22362631132248148,0.84462151525030094,0.41648717962235093
3,0.91786648141010962,0.22437108616167797,0.77569720992054125,0.50231851778360481
2,0.91961950813110049,0.22362196006956336,0.82948206875666208,0.44232700633040939
1,0.91846998169815641,0.22461609267274119,0.80438246423623472,0.48133293932593202
4,0.91507888262678261,0.23048097500501291,0.85577688784713291,0.41268514552379987
3,0.91872862341020467,0.22328965592677932,0.80916334017814395,0.45278522551831496
0,0.91856321778105599,0.22420962495279723,0.82988047564172174,0.44814226605680835
2,0.91924591145919832,0.22355084345106538,0.8374501931002416,0.43674023089507424
5,0.92019427081656591,0.22154518136319495,0.81593624935800813,0.45406747334803715
4,0.91961950763092648,0.22090194846833203,0.82589640916581175,0.43520182117344847
1,0.9185274590992889,0.2262555858767005,0.83107569006334736,0.42142462323000468
0,0.9187643658155682,0.22439054422208976,0.83147409783891468,0.41904545750513494
3,0.91861367142398831,0.22468967173028739,0.8330677259728253,0.43831464161435923
6,0.91938960221278498,0.2211980109630578,0.81832668666108199,0.45052413514767037
5,0.92076903080931338,0.21967297396663413,0.82231074868445375,0.43120869426464892
2,0.92005057846995908,0.22336644717527573,0.85378485146271754,0.43059300264692402
1,0.92033795739746771,0.22068544834390585,0.83466134817001825,0.43413515891360333
4,0.92056786524796241,0.21929208406276612,0.81992031152979783,0.46455521522408938
7,0.92051038655185879,0.22213599496438702,0.80358565387972802,0.45665097518627384
6,0.91846998199277952,0.22376330196964511,0.82191234313515549,0.44637184703640964
3,0.92102767295987042,0.22033003433422443,0.83984063441059975,0.41813705350268648
2,0.92165990994950009,0.22063888603392684,0.83266931938460154,0.44294928127818134
5,0.91915969504746031,0.2234469790905684,0.83585656793468976,0.42499614156693577
8,0.92071155345614286,0.21932897259345474,0.79840637045908736,0.45222152747302891
7,0.91924591154484458,0.22288608597017423,0.82788844032591558,0.4287735242767638
4,0.92025174581617764,0.22183217478883771,0.81952190701942518,0.47798789846172846
3,0.92114262843360184,0.21882672300257416,0.83864541939530235,0.4275605367845392
6,0.92122884013479656,0.21966489479765794,0.83426294276913804,0.42797361074601747
9,0.92076903099088347,0.21822401381493553,0.83625497867861587,0.4250708136529443
8,0.91959076769876735,0.22074202961279105,0.82828684617204973,0.4708943265931777
5,0.92094146002194388,0.21966563441354139,0.81792828126020167,0.44116615869134546
4,0.91795269745528174,0.22588339383098133,0.8505976039812384,0.4258592475754806
7,0.92019427105980123,0.22163385430096477,0.80318724536207098,0.4690416523986366
10,0.91996436329495279,0.22039561241181702,0.82151393669534967,0.44773189605499408
9,0.92232088946123136,0.21750001711972428,0.82749003551870703,0.4430944335264751
6,0.92042417355226702,0.21790176257458996,0.83386453736825772,0.43542378825465761
5,0.92128631903987701,0.21946642515878381,0.81434262077884367,0.45334437913984893
8,0.92071155367539725,0.2193422252867665,0.83426294217546626,0.43378149690588869
11,0.92091272121688927,0.21871530465542094,0.83147409843258646,0.44448791982316638
10,0.92068281747741421,0.21857792704468415,0.82191234328357343,0.44706972878411472
7,0.92151622257380117,0.21854422735349815,0.84501991768282247,0.42347758085990095
6,0.92111388902902347,0.21778757916853086,0.80796812160081599,0.46488315485922466
9,0.91987815041869159,0.21981962196201102,0.80478086711401009,0.47662714983065763
12,0.92131505378187395,0.21732138856283209,0.84103585120691249,0.42180737556214354
11,0.92094145971704333,0.21817544310789128,0.85378485668702908,0.40574602419102335
8,0.92214845992657091,0.21703874061525555,0.78525895468029838,0.51319035389033918
7,0.92028048262738782,0.22143441904740357,0.79123505825302987,0.47034176805639172
10,0.92309681949291533,0.21600690091787153,0.81673306387021727,0.45758782738292836
13,0.92275196024202444,0.21481706232862829,0.82589640797846819,0.44024245423891867
12,0.92191855658106847,0.21651869208964411,0.8350597553519139,0.4353861554907969
9,0.92074029056197604,0.21942855567159703,0.82231074838761786,0.43544946985682881
8,0.92188981889969257,0.21667744434489311,0.83067728080360059,0.43958657705392018
11,0.92246457967695961,0.21677992029096982,0.81513943365845543,0.44734946880266963
14,0.92194729308395218,0.21624726345808912,0.8474103548374784,0.43060258236821308
13,0.92395896288733115,0.21408990720025692,0.82589640738479642,0.43921802216673278
10,0.92074029303201366,0.21886871773558492,0.84900398000303012,0.42712724177664019
9,0.92200477117025448,0.21766098608275228,0.81992031152979783,0.45143035558827843
12,0.92344167443408731,0.21482472785795084,0.82270915349166229,0.42915237220783398
15,0.92183234092644328,0.21688416119238069,0.82828684275843711,0.44930536791949394
14,0.9215449601147172,0.21754546489675872,0.83306772656649708,0.45516905247185574
11,0.92145874560089991,0.21656460436071462,0.83266931641624264,0.42388325999398158
10,0.92062534026127762,0.21907359618094815,0.82151393892161872,0.46000891987724135
13,0.92022300717213801,0.21763339731850309,0.82151393669534967,0.47441822520468341
16,0.92272322182751665,0.21656659004482506,0.82310756126722961,0.44136726064421977
15,0.92321176909131453,0.21414735358074916,0.82509959717670756,0.43162699253020059
12,0.92384400968836389,0.21480351653568094,0.80916333839712862,0.461283260132687
11,0.92372905510877934,0.2132247423544219,0.78167330748234609,0.52493021476909929
14,0.92275196035165163,0.21349024276709486,0.85458167105082017,0.42323393198435166
17,0.92358536726716478,0.21319018004928733,0.81394421864315813,0.44605722134391151
16,0.92352789018463632,0.21402301816713243,0.83067728436563115,0.43729825668868078
13,0.92240710281368565,0.21451119663329304,0.8119521851083672,0.46051397416518031
12,0.92272322293064024,0.21664726502102888,0.84023903921780829,0.43043837153104197
15,0.92249331789276812,0.21501471369582442,0.82749003314402003,0.44018712197523191
18,0.92263700858468956,0.21432289368131399,0.84741035246279139,0.42244610983685432
17,0.92303933882352229,0.21412099213419547,0.85537848185258081,0.40468958108518943
14,0.92424634204437173,0.21163006218286595,0.81992031256872344,0.46373143656349991
13,0.92260826889919156,0.21477643142721142,0.83187249908409266,0.43771381965612033
16,0.92476362915468258,0.21116276385887986,0.8366533814079733,0.43976596687211694
19,0.92361410449290271,0.21305041884628798,0.83784860384416771,0.43186084529110397
18,0.92533839165172616,0.20941069678902835,0.7844621487763298,0.4998917144786314
15,0.92364284208520653,0.21211845220209288,0.8450199170891507,0.42402884374517369
14,0.92260826985500366,0.21552174952623401,0.84980079555416488,0.42127457309321342
17,0.92413138991084376,0.20995958066656045,0.83824700657352513,0.43156725494747616
20,0.92292438880716943,0.21263797404614695,0.83187250620815378,0.44019611447723028
19,0.92370031730749858,0.21245121588106625,0.83864541108389778,0.42752259668422887
16,0.92309681845145697,0.21267754941096156,0.79482071116507291,0.48776676434563448
15,0.92510848679884994,0.20947344340468582,0.7964143388537297,0.46243372526895477
18,0.92375779417077264,0.2117988186253999,0.83984063322325631,0.42306613037548219
21,0.92499353442208654,0.21131941896486198,0.8533864500988052,0.42632381110433565
20,0.92390148573285991,0.21118794472574806,0.83944222841604776,0.43209493327960075
17,0.92280943762945344,0.21502579213020345,0.79083664929011899,0.48823392452056191
16,0.92576946396044824,0.20901321886430052,0.80079680768795225,0.47205332441040243
19,0.92197603065227507,0.21458908692218553,0.82589640768163231,0.44965100257965435
22,0.92430381801349903,0.20978209081626431,0.83346613374839262,0.44328638855590524
21,0.92453372247582843,0.20996156590188458,0.80239043307613089,0.49263390354010689
18,0.9249647958123054,0.2099116528364719,0.84661353750532842,0.42040993256932235
17,0.92436129713783377,0.21310664117027947,0.79521911819855051,0.47293868248324944
20,0.92565451093619933,0.20860778687534501,0.80517927963895153,0.47285048195357582
23,0.92588441469965543,0.20707434426501628,0.79880477689889318,0.46545878751017894
22,0.92364284224622151,0.21060236641289218,0.80159361574398091,0.51728606333889338
19,0.92430381933587702,0.2105616517428143,0.797211150249162,0.46333157237010647
18,0.92321176967713481,0.21073444325189006,0.83187250205245156,0.44205153148725213
21,0.92559703320618536,0.20968916037196444,0.82509959123998999,0.43499340453886415
24,0.92439003323989311,0.21223260494893895,0.83545815956545066,0.43408863406732262
23,0.9246774160077792,0.20780583882632808,0.84661354166103076,0.42875048024691198
20,0.92418886457129645,0.21037739849496198,0.84422310331903128,0.42750372183305096
19,0.92421760676451636,0.21018560015524373,0.80438246468148855,0.4560799394470762
22,0.92461993702733014,0.21084973614782898,0.82669321818655706,0.42554651485733774
25,0.92545334346665009,0.20674274982166971,0.8274900313630047,0.43486795185571647
24,0.92367158082859591,0.21197226540272951,0.81553784469921753,0.4641395696620661
21,0.92453372241416309,0.21066690636940325,0.8270916280399756,0.48281824015140296
20,0.92737879820464997,0.20449552415386577,0.80239043233404117,0.46503496936622607
23,0.9266603426141643,0.20658048335449428,0.82470119177582735,0.44484394339035704
26,0.92686151133072281,0.20535374669999465,0.83027887777740739,0.4428884800137633
25,0.92456246231891548,0.20890955485070159,0.81952190657417134,0.46734648598617767
22,0.92597062882635173,0.20662414495027259,0.85657370102358055,0.42613670425823486
21,0.92548208051081804,0.20931772538719737,0.82151393907003667,0.42554346773313334
24,0.92611431941892353,0.20797466861758729,0.84980079080479076,0.42053714646879897
27,0.92594189154922601,0.20626058120575019,0.83187250190403361,0.46613339037148366
26,0.92384401038723729,0.21135192701515049,0.84183266616437535,0.42830022048962069
23,0.92461993652715602,0.20877078460404136,0.7804780842298531,0.50574056269875556
22,0.92683277170689016,0.20595794426748923,0.83904381945313689,0.4244664029860164
25,0.92752248675541538,0.20352158909532145,0.81274899769114306,0.47378191644273904
27,0.92493605845295934,0.20931369327780611,0.81513943603314254,0.45761424996908678
24,0.92393022377737588,0.20880244885150751,0.79482071116507291,0.52362045055010409
23,0.92579819852087519,0.20572377999174829,0.80557767969678595,0.46394879583165466
26,0.92574072441198418,0.20662716992003932,0.83984062966122575,0.43741480671463023
0,0.92683908026451356,0.20682912609464993,0.84143425660779281,0.43749345548866519
25,0.92571198703893476,0.20610485654639579,0.84023903506210595,0.43630758302649891
24,0.92579819890628323,0.2067513143119207,0.8079681213039801,0.48087440097919737
27,0.92591315492301174,0.2072060936902122,0.80717130783069657,0.45523195321193016
1,0.92473489018861299,0.20812530316390823,0.82031871663384226,0.45534867399271978
26,0.92565451253949693,0.20677103004120825,0.82908365949691532,0.42978635927536096
25,0.92760869998796491,0.20271083046635474,0.81633465015793227,0.46197243930541898
2,0.9252234391893166,0.20404997824111759,0.85179282315223814,0.42818596222219002
27,0.92542460460335607,0.2067588959991406,0.84860557400847814,0.41732642643777024
26,0.92571198511703312,0.20591137740070198,0.81673305823033548,0.5098444195946612
3,0.92769491774606183,0.20259320898766311,0.81633465401679872,0.45649569415565266
27,0.92898813118813905,0.20187140346673124,0.80318724402630948,0.4896527939138422
4,0.92780986865313575,0.20009897023471096,0.82151393847636489,0.46919970797649418
5,0.92881570200976704,0.19931429957828428,0.84980079377314954,0.44402523008935835
6,0.92576946189466092,0.20570090258994569,0.84382469257510517,0.43845120728743148
7,0.92939046398265568,0.1989764554497428,0.82629481100466151,0.45211877793340804
8,0.92841336798879626,0.20053268788987769,0.82669322234225939,0.44194600994576261
9,0.9288731786880452,0.19890301354159007,0.84940239252797156,0.42584142353074012
10,0.92852832029361676,0.19945615891933641,0.81713146956793337,0.45516429878622888
11,0.92858579658134799,0.19803064328887035,0.85139441893870138,0.4357287454311235
12,0.92884443957808993,0.19836818716717158,0.80876493373833802,0.49334273853921795
13,0.92953415398940709,0.1971497894520492,0.82430278400025991,0.4403684027493
14,0.93128717890154933,0.19526563656704554,0.79681273995048973,0.56380854906937283
15,0.92973532327123076,0.19660415831746345,0.79601593464019293,0.50420852765381574
16,0.93039629816834257,0.19534931240509812,0.82111553010712579,0.46243167272305108
17,0.92973532252439561,0.196388942656474,0.84183266735171891,0.42732350667010977
18,0.92930425228146085,0.19663226551489471,0.84462151050092693,0.44677410622413061
19,0.9295628948020096,0.1964015594249495,0.78286852138450891,0.51135908657929807
20,0.93186194316290549,0.19296792060022028,0.84661354284837431,0.43334094423845232
0,0.93089080482036213,0.19304392409735713,0.7996015866617282,0.48957136942006912
21,0.93033882187033368,0.19308305398645931,0.82908365652855653,0.47001175632499959
0,0.92870689346187418,0.19762584557970878,0.8330677182550924,0.4453253184233707
1,0.93295398952940622,0.18961537269737355,0.85737051301268463,0.43252894325753249
22,0.93232175195395617,0.18940622325063036,0.7980079646129532,0.48161264682611621
1,0.93137339287750831,0.19406659677669666,0.82151393610167789,0.47912593102045503
0,0.93290230006664654,0.19000340436167759,0.80677290480450325,0.45426944974231054
2,0.93258039594076858,0.19082976183291053,0.83545815540974833,0.43616905664854433
23,0.92944793913300483,0.19372731037959287,0.81394421715897869,0.48327806955611563
2,0.93154582211754566,0.1894584565540684,0.80876493537093541,0.48350581247730556
1,0.9308273705044714,0.19235402210935812,0.77051792367995975,0.5888603740998829
3,0.93005144109629201,0.1938148329793648,0.80517927934211564,0.4885616987958491
24,0.93134465485697326,0.19095591433986692,0.8525896387033729,0.43709674921717895
3,0.93301146829745263,0.18816891326452462,0.85258963514134234,0.44723617075107608
2,0.93223553612803844,0.18904163695818943,0.78685259023510601,0.50509803498022821
4,0.93005144149026475,0.19303900000885252,0.84063744224400161,0.446067388562775
25,0.93051124974003119,0.19277559176211995,0.85697210583078909,0.42364077445906234
4,0.9315170838537753,0.19135764464134319,0.82908366068425876,0.46729211551526867
3,0.93125844078166464,0.19012801269661933,0.84940238837226933,0.44840801526899948
5,0.93306894216310821,0.18865207812608095,0.85179282196489459,0.43498074442177892
26,0.93183320319648788,0.18859068676112051,0.83585656674734621,0.43525563303633513
5,0.93031008661445924,0.19271471043037239,0.85378485549968552,0.41727671874278927
4,0.9331838951291177,0.18742528010669218,0.825099593614677,0.45882855840324166
6,0.93217806041584994,0.18905085215121434,0.83505976128863146,0.48053288518031873
27,0.93309768182462527,0.18755880722474527,0.85816732618913227,0.4234663759287729
6,0.93260913152895042,0.18918250997390171,0.84661353869267197,0.43923164001365461
5,0.93370118134185587,0.18698065443368095,0.83346612543698806,0.45913537164252116
7,0.93266660588107675,0.18839948914434887,0.81633465223578339,0.50244970970686931
28,0.93272408669435536,0.18719160462700113,0.86055776571847531,0.43750258382276236
7,0.93470701398591038,0.18605892759407547,0.8338645302441966,0.44098020668523719
6,0.93134465586074722,0.19038080460159543,0.84422309975700072,0.42700526481902457
8,0.93177572891630445,0.18837658720789591,0.83705178413733072,0.46067608306295726
8,0.93427594416092929,0.18486986657270607,0.80478087037920476,0.48727343799880302
7,0.9330689445749063,0.18749452135579306,0.85139441715768605,0.4374874990017884
9,0.93433341970182537,0.18534482561965476,0.82988047089234762,0.44726116584977543
9,0.93255165661155903,0.19013617511759559,0.82709162343901943,0.46536806978255629
8,0.93510934782188526,0.18363663179510697,0.82509959480202055,0.45116458560499656
10,0.93456332348926241,0.1847097490904718,0.8127489994721584,0.47976714629026879
10,0.93367244372557101,0.18583210420729454,0.7996015879974897,0.47973412031908907
9,0.93562663595652507,0.18369454315396483,0.80199202544898152,0.55327540530685881
11,0.93186194212487305,0.18934341628670462,0.85298804588526844,0.42607833701464165
11,0.9326953488930747,0.18685735405145762,0.85697210820547609,0.44681656964316191
10,0.93424720607872891,0.1846360192597846,0.85099600700743172,0.44445293311371031
12,0.93395982550338663,0.18563473598999611,0.81752987378147024,0.47402696085878576
12,0.93387361062985508,0.18533749033356478,0.85816732618913227,0.42539700524755325
11,0.93232175130647066,0.18682773542055767,0.78924301848468548,0.56699865513232595
13,0.9347070154795809,0.18480496547982814,0.81394421893999391,0.5035216887425854
13,0.93263787149194222,0.18670098642157895,0.80039839924450418,0.54669872249858786
12,0.9324941787958988,0.18719365894597478,0.81752987793717247,0.47326842797883001
14,0.93525303814724081,0.18107505977182897,0.84302788296068809,0.46021198179290829
14,0.93447711012310475,0.18429554985556673,0.8486055722274628,0.45268410336656639
13,0.93421846750663207,0.18349294595590154,0.82191234031521465,0.44495888202417777
15,0.93306894263930129,0.18535465764889592,0.80996015617453243,0.49478008400693357
15,0.9326091329232713,0.18582567121409294,0.85298804232323788,0.42648578346131805
14,0.93487944118414135,0.18367663981882179,0.800796808355833,0.51184913058175274
16,0.9333850615435052,0.18405473343448814,0.81434262211460517,0.51192012071921178
16,0.93473575301021938,0.18316926491687219,0.82549799723454209,0.46097887643943153
15,0.93525304041172741,0.1812332435745643,0.81195218154633664,0.49148117363883326
17,0.93516682627475356,0.18195021036231565,0.81912350236063458,0.51606060387900621
17,0.93703480243655457,0.17766432190547268,0.85258963514134234,0.43440934282122734
16,0.93588527698340351,0.18095764417899191,0.79681274484828168,0.5373379148735824
18,0.93453458531113831,0.18096537919567895,0.80956175003156239,0.53704558585239837
18,0.93556915798327578,0.17815258744281334,0.8219123441740811,0.47383353258464561
17,0.93499439724369304,0.18129426507687649,0.83027888104260206,0.46595312446073828
19,0.93519556221579792,0.1818121969156006,0.84741035186911962,0.44772016131634496
19,0.93410351418776016,0.18341052006884828,0.8494023812482081,0.44642698348303178
18,0.93505187305180537,0.18215176421738591,0.84581672076685022,0.45386702364006365
20,0.93568411006541607,0.18118012093640704,0.82509959480202055,0.46168951081683435
20,0.93689111210092146,0.17871383872486638,0.8482071692012696,0.45050757773873579
19,0.93542546899057577,0.18161252507457692,0.81354581131284454,0.51189478737602667
0,0.93683908203209953,0.17781179679836007,0.85776892256926729,0.46981036811287835
21,0.93582780261757381,0.17981446763167033,0.85059760754326896,0.43954335540473699
21,0.93602896985416528,0.18003223016926617,0.84183266260234479,0.47576581560023334
20,0.93663246938509925,0.17804014016634725,0.82629481872239441,0.48189958501644287
1,0.93663247011823103,0.17983616257267485,0.8163346569851575,0.48852777793498864
22,0.93674741820240481,0.17765109546187727,0.83505975238355512,0.47329010001840105
22,0.93605770567187896,0.17950405107815537,0.83904382004680866,0.44552838397156669
21,0.93844297001970756,0.17628112086375272,0.83625497333557008,0.47000719843974031
2,0.93565537224015438,0.17808552788288479,0.80278883951593683,0.50654611934673976
23,0.93591401663464291,0.17991249050177333,0.84382469969916629,0.44809330213792709
23,0.93887404153363252,0.17505462169043412,0.81832668992627666,0.50765313227397513
22,0.93648877947427156,0.17860866365442812,0.85737051301268463,0.43812048547266724
3,0.93660372879517695,0.1792198324893286,0.84860557282113458,0.45069853686337985
24,0.93522429957514397,0.18146161097335922,0.85936254536013201,0.44073743815441058
24,0.93542547043285851,0.17901135180761621,0.82430278400025991,0.46410071711794315
23,0.93585654040515109,0.18052874421864901,0.84342628895524019,0.43831100271072282
4,0.9356266344148928,0.17969879673765382,0.80199202856575824,0.50871961259568832
25,0.93668994570708908,0.17837477607471242,0.82390437681836437,0.48269914859438323
25,0.93677616043330902,0.17903565832261148,0.83904381767212155,0.45536125893982876
24,0.93717849189517011,0.17512173862627814,0.81354581027391892,0.48547458800438986
5,0.93579906367891108,0.17850687875874813,0.81792828274438101,0.49045310440692175
26,0.93700606484425064,0.17665174824450933,0.85697210345610209,0.44433439363617883
26,0.93852918439991673,0.1734733653747032,0.79442230650628232,0.51618080408835554
25,0.93554041972978297,0.18036885206439418,0.84103584942589715,0.44544710278644623
6,0.93706354145058601,0.17656530697584619,0.81235059110291929,0.48430154680745652
27,0.93473575490814009,0.17874275717644386,0.86494023640792206,0.46047376764314879
27,0.93605770611381356,0.17620741805338389,0.81314740487303871,0.4888989749249531
26,0.93775325675604992,0.17662761607282165,0.81553784202769453,0.51095826270437217
7,0.9360864450524764,0.17789259741826999,0.83067728110043648,0.47061044774927285
28,0.93821306669476023,0.1740014453431373,0.85936254476646023,0.42948251753392447
27,0.93758082787230101,0.17455553460198064,0.81872509532715698,0.50972215106258112
8,0.93726470551826657,0.1750477318706761,0.84342629132992719,0.45286260834297692
28,0.93737965826159575,0.17544854409583949,0.85657369746154999,0.45640621090908923
9,0.93760956457045808,0.17276963088361136,0.83505975119621156,0.49148755672339545
10,0.93798316006729388,0.17399261986309691,0.81513943603314254,0.48402104393924139
11,0.93700606321697211,0.1756646149450343,0.80199202737841468,0.53613034435789064
12,0.9393051107111281,0.17097057077106459,0.80199202455847385,0.52454391507379916
13,0.93772451593316997,0.1758013556547818,0.86175298251478794,0.44435096305583516
14,0.94013851951085847,0.1696105972105845,0.8494023788735211,0.44535924735260141
15,0.9401385178595989,0.16965961831964652,0.84223106740955334,0.49634433864055577
16,0.93835675497830939,0.17156933748409811,0.84661354403571776,0.46808781055733562
17,0.93873034947137124,0.17117362400907041,0.84382469376244873,0.45948621522694588
18,0.9403396853771101,0.16857356790289504,0.82868524741722771,0.50431730403783792
19,0.94056959075756719,0.1665080342587717,0.83904381826579333,0.46512998109015513
20,0.94019599387668806,0.16804665769295801,0.84262947281043366,0.4857095325684761
21,0.93947754203065614,0.16888497747404002,0.83505975416457034,0.50276094672837823
22,0.94059832738378146,0.16611641916437636,0.81832669022311255,0.51471437541656639
23,0.93878782565975294,0.16923109135746076,0.8326693152288992,0.48345694023433078
24,0.93944880274940834,0.16820755392787484,0.84143425779513625,0.46651604170521416
25,0.94281116203593462,0.16246874845819381,0.8513944183450296,0.47936046751312528
26,0.94033968432537418,0.16493893932863432,0.82828684988249823,0.49823430707062266
27,0.94263873397096376,0.1639290170410416,0.80876493358992008,0.50879453065845948
28,0.94275368431962403,0.16164613175776102,0.80438246379098099,0.5350090832304788
0,0.94350574782182428,0.16106738659670983,0.81912349835335019,0.4964394422240585
1,0.94148921023073751,0.1616456330301731,0.79282868134073048,0.60468236865305092
2,0.94240883003621523,0.16201084662597851,0.85019920036137342,0.47820613385026023
3,0.94065580330152099,0.16326249432325429,0.81593625084218746,0.54829851606957225
4,0.9420927100425911,0.16206633431270251,0.79601593196866993,0.58576409438573029
0,0.94295976961823713,0.16173682313134102,0.83545816194013767,0.49374894777394507
1,0.94137425776832795,0.16480417749968812,0.81673305823033548,0.50275606572613174
2,0.94183406505200473,0.15896286710252719,0.79442230531893876,0.52200879689409918
3,0.94292611585840647,0.15756139824995039,0.80597609519008617,0.57609927621243362
4,0.94071328067867244,0.16462138479816235,0.81354580968024726,0.50791851756908746
5,0.94243756600124051,0.16207656733485928,0.86135457652023584,0.4708172871417689
6,0.94255252035129311,0.16022388009321767,0.86135457770757939,0.48446241219294262
7,0.94476535440392273,0.15601999748128959,0.83904381767212155,0.49350612144360684
8,0.94623099819943834,0.1534621377512789,0.84701194171886518,0.46760204158894036
9,0.94488030583857741,0.15471886251680922,0.80717130783069657,0.51411184612884231
10,0.94358708864176899,0.15642994762451484,0.78804780050102929,0.56555197621691988
11,0.94488030561932301,0.15656888685602566,0.80199202574581741,0.53710859240704323
12,0.94476535551732388,0.15523117159653826,0.80318724491681714,0.51225947270325689
13,0.94332844759090972,0.15782971983994376,0.83466135291939236,0.48947319949409401
14,0.9447653536810684,0.15326580048550814,0.84023903684312129,0.49711680286137233
15,0.94462166268424641,0.15370217371477948,0.84820716504556726,0.48835577855936707
16,0.94594361701086893,0.15145027976298217,0.79800796283193798,0.55719989526319313
17,0.9478690716735001,0.14958686556221837,0.83545816312748122,0.50371641596404471
18,0.94588614402908244,0.15299276997462841,0.80836652878271154,0.53138791288868836
19,0.94772537954957348,0.14769562308503081,0.81752987437514191,0.55702754632900076
20,0.94812771474561064,0.14740775898430825,0.83824700390200213,0.51785814393111373
21,0.94746673586766161,0.14804009501931895,0.82430278340658814,0.50137517891594197
22,0.9484438342116539,0.14624908602949507,0.83386453677458594,0.54466133104615
23,0.94548380705845525,0.15093718642426671,0.8374501954749286,0.53233014189070493
24,0.94712187862431874,0.14821411212984661,0.80199202515214563,0.58505008480070064
25,0.94870247445401268,0.1464229320520217,0.8155378426213663,0.55698727482031896
26,0.9488461646457601,0.14591792762058114,0.78924302174988026,0.5759079979057331
27,0.94982326252383675,0.14291349274200293,0.82470119058848379,0.52821570406463814
28,0.94611604546638661,0.15027161885251941,0.83784860206315237,0.49905618622090175
29,0.94775411583320279,0.14626464697721017,0.79163346098238729,0.59176659549538235
0,0.94879310458213428,0.14334793041738542,0.81553784321503808,0.53721542202448291
1,0.94939218921134072,0.14250588867969974,0.80916334181074123,0.62191231125795032
2,0.94602983036332322,0.15055939639283467,0.79800796105092264,0.58455752264671179
3,0.94893238020103565,0.14371243033818387,0.84422310450637483,0.50476669736922652
4,0.94933471279000126,0.14254603111287775,0.83147409546422768,0.51295693450611068
5,0.95082909525353754,0.13993306489514185,0.84063744402501683,0.52318292306791769
6,0.9505704524041072,0.14058235218410631,0.78127490067149541,0.61037827379986698
7,0.95022559565066067,0.13930399999539358,0.84701194824925452,0.49092530435233178
8,0.95039802382525884,0.14076463267732586,0.8509960076011035,0.49798448337891338
9,0.95002442808518772,0.14088978754657283,0.79760955357219121,0.64472667961214403
10,0.94893238002974323,0.14218789948010324,0.79960158903641532,0.63810394788198022
11,0.95174871497336899,0.13739199611833494,0.8278884397322438,0.51186126571489998
12,0.95085783401063029,0.13825537829184034,0.79960158740381793,0.61106126643977021
13,0.95252464419655247,0.13557310694329258,0.83107569243803447,0.50918646124043165
14,0.94959335609164375,0.1405658873604391,0.82390437563102081,0.54076854845108202
15,0.95312814497449572,0.13512284003503688,0.81992030856143905,0.56500849949726573
16,0.95120269224404375,0.13600544489950758,0.82549799901555732,0.52815658244697672
17,0.94944966762652461,0.13955642174010074,0.78167330533028601,0.67658500683000422
18,0.9521223101036389,0.13671180360618945,0.82988047267336296,0.54019874484794017
19,0.95217978729579444,0.13506698424002081,0.85378485668702908,0.49053082781550716
20,0.95220852452153248,0.13502145834794077,0.83984063322325631,0.53191852577000975
21,0.95410524089641224,0.13250498254989404,0.78964142566658113,0.59146749683140043
22,0.94919102416386714,0.13973441249147231,0.83067728881816938,0.5514457732071707
23,0.95344426644808689,0.13059487373321321,0.80637450059096649,0.64705888904256381
24,0.95488116841694848,0.12997473230559817,0.78366533248310544,0.71906708408169362
25,0.95493864458134914,0.13256508693930646,0.83944222722870421,0.54277188726700842
26,0.95186366779206688,0.13643691657814899,0.81713147253629226,0.59571329489595204
27,0.95393281232784144,0.13190775663157348,0.84302787999232931,0.49741685429061078
28,0.95298445401193221,0.13413431571364184,0.81195218807672598,0.56625140908051774
0,0.95425287402909376,0.13151106964154491,0.83386454389864706,0.56123410786717265
1,0.95502485945145488,0.12861592838258629,0.76932270183743712,0.70329325917395824
2,0.95482369139608536,0.12841944080600365,0.83386453736825772,0.5838691896222814
3,0.95396154822092394,0.12978471338108297,0.82031872227372404,0.56328421721208943
4,0.95433514436524525,0.12790311818370365,0.85338645069247698,0.51729681227352486
5,0.95565709783540542,0.12687870638201088,0.81195219104508476,0.57077879875441973
6,0.95476621683498231,0.12878823812823917,0.81155378089483043,0.58562160814292286
7,0.95470873949551516,0.12857428809563282,0.82868525706439378,0.52836572085099065
8,0.95513981169461004,0.12566442372712622,0.83306772300446652,0.54845130282354015
9,0.95643302702090449,0.12419269726188448,0.84023904099882363,0.52862445316676321
10,0.95666293182581885,0.12436409916396964,0.81394421626847102,0.60940219215080293
11,0.95539845443441318,0.12732926604742428,0.83386453558724238,0.56164773368736753
12,0.95539845509560217,0.12531481214019902,0.82828685047617001,0.55265150183210687
13,0.95605943099991375,0.12511002379617983,0.84063744699337573,0.55195521507820344
14,0.95608816959599152,0.12204512734503864,0.8258964103531552,0.54774090181108548
15,0.95692157462728733,0.1237693023070726,0.81075696712471101,0.57698600730706617
16,0.95482369299938297,0.12575738258638641,0.7924302723778196,0.69445409125136393
17,0.95505359671487722,0.12626824282452537,0.83864541167756945,0.55253809469982063
18,0.95867459831297541,0.11938289638728491,0.81992031568550017,0.60237863936194358
19,0.95718021702450551,0.12153988762067855,0.80597609281539917,0.61220562734652262
20,0.95651924212396799,0.12250807169196089,0.81394421745581458,0.56237682847925774
21,0.95614564520883039,0.12417071517874333,0.81274900125317362,0.60171099222706725
22,0.95732390805901191,0.12143322743082963,0.77689241988962865,0.66667296870823101
23,0.9566629307124177,0.1206499776988515,0.82390437859937959,0.597333535628089
24,0.95884702878974448,0.11788142781163916,0.79243027831453727,0.66877044603484592
25,0.95945052890649873,0.11829449555532279,0.8470119411251934,0.58323911132812278
26,0.95807109896703735,0.11748267887673257,0.8107569647500239,0.61385172440028524
27,0.95680662112341952,0.12057734960127819,0.80677290717919037,0.58856983404315311
28,0.96088743455814873,0.11462702722331143,0.80996015276091982,0.61304609036347657
29,0.95887576454579293,0.11769836549938752,0.79681274247359468,0.61529987198912883
