epoch,acc,loss,val_acc,val_loss
0,0.81540228477839771,0.47881879287118884,0.78446214862791186,0.52410329195607708
1,0.81553006135180994,0.47863996993961988,0.78446214862791186,0.52340190071033765
2,0.81532889106963824,0.47893166557812133,0.78446214862791186,0.52923502372318054
3,0.81518520436540576,0.47923653007297057,0.78446214862791186,0.52313070527585859
4,0.81532889287848687,0.47909102513673174,0.78446214862791186,0.52586067613377518
5,0.81541510762868774,0.47860442583843987,0.78446214862791186,0.52486199841081382
6,0.81570248939279999,0.4781977290210907,0.78446214862791186,0.52386061081373358
7,0.81481160780313078,0.47987142941110844,0.78446214862791186,0.5247699712733348
8,0.81558753343944967,0.47830489875393484,0.78446214862791186,0.52123450852960229
9,0.81564501046031279,0.47833511732219125,0.78446214862791186,0.52759150299892954
10,0.81492656035118649,0.47941414068446619,0.78446214862791186,0.52799123644353863
11,0.81544384547793036,0.47870519957254787,0.78446214862791186,0.52548127345354911
12,0.81501277272727368,0.47934518646096952,0.78446214862791186,0.52187822486062452
13,0.81573122782786278,0.47831976189162362,0.78446214862791186,0.52543286605185247
14,0.81561627359086319,0.47818917218654305,0.78446214862791186,0.52720984389107539
15,0.81527141672778958,0.47863755750855513,0.78446214862791186,0.52307145101615637
16,0.8153001540631547,0.47892622686369063,0.78446214862791186,0.52530898373440438
17,0.81530015455305116,0.47891295052816235,0.78446214862791186,0.52180368408738853
18,0.81584617800523063,0.4780424089631421,0.78446214862791186,0.52308593055166575
19,0.8149265609404327,0.4795551674716873,0.78446214862791186,0.52453861257944445
20,0.81550132350256743,0.47856729604164877,0.78446214862791186,0.52420415940037757
21,0.81495529904318809,0.47911352826853054,0.78446214862791186,0.52251115904386303
22,0.8163059882488416,0.47734322758979192,0.78446214862791186,0.5230560068827701
23,0.81512772563161784,0.47912393258156288,0.78446214862791186,0.52714721021424249
24,0.81512772714926918,0.47897359933079453,0.78446214862791186,0.52666797794668796
0,0.81534481451086616,0.4787077658392232,0.78446214862791186,0.52355725534883624
25,0.81509898853948803,0.47912659586532796,0.78446214862791186,0.52348216928808811
1,0.81538636944713783,0.47859294268510555,0.78446214862791186,0.52372924728222581
26,0.81495529647722675,0.47930208229246429,0.78446214862791186,0.52218382541401931
2,0.81515646335752978,0.47901658155189991,0.78446214862791186,0.5214166406141334
27,0.81535762973765891,0.47875357038704736,0.78446214862791186,0.52203087787704161
3,0.81555879717980129,0.47848344066380993,0.78446214862791186,0.52798319480333666
28,0.81593239379346405,0.47787228239422974,0.78446214862791186,0.52439005732298849
4,0.81561627458093366,0.47843837538995249,0.78446214862791186,0.52346576946190149
29,0.81472539376550646,0.47960877383745693,0.78446214862791186,0.5254233234907052
5,0.81561627576970352,0.47827427455137889,0.78446214862791186,0.5280669294742949
6,0.81475413161474908,0.47962475353576506,0.78446214862791186,0.52594278224435931
0,0.81534481254117241,0.47878082520489035,0.78446214862791186,0.5260421402188411
7,0.81541510596372491,0.47848308718635812,0.78446214862791186,0.52391442893985729
8,0.81518520203925382,0.47884095845049263,0.78446214862791186,0.52306190501171279
1,0.81535762930942768,0.47866392655492801,0.78446214862791186,0.52385752419551534
9,0.81547258311819615,0.47862494246735021,0.78446214862791186,0.52400271636081408
2,0.81527141829340277,0.4786470136868699,0.78446214862791186,0.53074710646948486
10,0.81561627417668348,0.47818207713376892,0.78446214862791186,0.5234165379250667
3,0.81558753724556854,0.47842174906766555,0.78446214862791186,0.52534791292897254
11,0.81492655840872974,0.47932527301797756,0.78446214862791186,0.52131868406120996
4,0.81489782067939198,0.47938457053190786,0.78446214862791186,0.52830904003870915
12,0.81555879642268858,0.47843611085281623,0.78446214862791186,0.5274233723066718
5,0.81593239240942084,0.47785675995691851,0.78446214862791186,0.52588577360745925
13,0.81564501271452183,0.47833367522791903,0.78446214862791186,0.52834551855624912
6,0.81515646524174712,0.47901887667416521,0.78446214862791186,0.52377110731554222
14,0.8153288926832134,0.47882657296274483,0.78446214862791186,0.52651759887121585
7,0.8154438452449726,0.47866988962647711,0.78446214862791186,0.52155881324612285
15,0.81504151204620578,0.47925727675282231,0.78446214862791186,0.52435344220157643
8,0.81515646361446858,0.47887393165365094,0.78446214862791186,0.52165525985429007
16,0.81596113084448363,0.47783297494327481,0.78446214862791186,0.52730732728760554
9,0.8152714181700722,0.47871324046215086,0.78446214862791186,0.52337589028821996
17,0.81498403526857799,0.47920561937174894,0.78446214862791186,0.52186298940286213
10,0.81550132209454318,0.47836848968479329,0.78446214862791186,0.52648028529497737
18,0.81521393939859998,0.47900744345258917,0.78446214862791186,0.52322511713343312
11,0.81553005781633314,0.47840135154098695,0.78446214862791186,0.52394393371395853
19,0.81578870390661729,0.47802005834931233,0.78446214862791186,0.52396072275135142
12,0.81544384622476562,0.47857325825673547,0.78446214862791186,0.52351994664070611
20,0.81509898861485675,0.47909062180974193,0.78446214862791186,0.52277680863422227
13,0.81501277342614697,0.47923736419027368,0.78446214862791186,0.52241327254420733
21,0.81530015400148936,0.47883306675321513,0.78446214862791186,0.52152072825279838
14,0.81570248827597303,0.47820151923123966,0.78446214862791186,0.52288208207286213
22,0.81535763107031434,0.47865193586796628,0.78446214862791186,0.52523330340822383
15,0.81484034674179351,0.47936350180848758,0.78446214862791186,0.52696480438766247
23,0.81601860698832929,0.47773945511430593,0.78446214862791186,0.52231007826280784
16,0.81604734407703328,0.47769115264208067,0.78446214862791186,0.52498520441739205
24,0.81461043961415314,0.47969183394541448,0.78446214862791186,0.52265126629179692
17,0.81515646366585626,0.47871183115582899,0.78446214862791186,0.52423392550878789
25,0.8152139411868935,0.47889896498951662,0.78446214862791186,0.52404160257354671
18,0.8152714160528971,0.47879118626565192,0.78446214862791186,0.52481295150589657
26,0.81538637099904765,0.47861853413555538,0.78446214862791186,0.52269651535972661
19,0.81532889434817635,0.47871265645499517,0.78446214862791186,0.5242020770373097
27,0.81570248717627525,0.47819620279994207,0.78446214862791186,0.52397278675520087
20,0.81547258442687065,0.47846740393281362,0.78446214862791186,0.52357647428474574
28,0.81438053532311616,0.48014951230849495,0.78446214862791186,0.52347658604264735
21,0.81527141808442594,0.47863190305210046,0.78446214862791186,0.52346056877854341
29,0.81535763017959351,0.47860021624691335,0.78446214862791186,0.52342980458916899
22,0.81567375155383492,0.47822855947521065,0.78446214862791186,0.52504498051457194
23,0.81541510709082943,0.47849637960368102,0.78446214862791186,0.52402003851544809
24,0.81478286811763279,0.47936093739046054,0.78446214862791186,0.52316798382546326
0,0.81543101849912225,0.47850769038858088,0.78446214862791186,0.52191304175027342
25,0.81535763324915478,0.47868013527214032,0.78446214862791186,0.52267272966316491
1,0.81532889287334809,0.47877334646032088,0.78446214862791186,0.52316304970072558
26,0.81521394054968543,0.47890513990104694,0.78446214862791186,0.52516819257660219
2,0.81541510728610278,0.4785699385056692,0.78446214862791186,0.52342181792297215
27,0.81518520134038053,0.47884591424773848,0.78446214862791186,0.52353917958726925
3,0.81512772465182481,0.47896269326868196,0.78446214862791186,0.52334405653980154
28,0.81598986703218923,0.47767725979836129,0.78446214862791186,0.52347740887170768
4,0.81575996438213427,0.47813782620834927,0.78446214862791186,0.52296883271509909
29,0.81524267811800832,0.47875743123564629,0.78446214862791186,0.52685562322339219
5,0.8151277240797079,0.4789232499630906,0.78446214862791186,0.52154877116955611
6,0.81535763108401782,0.47870461974749812,0.78446214862791186,0.52393655283042639
0,0.81540228357945366,0.47852852204065216,0.78446214862791186,0.52281410024460573
7,0.81555879716952373,0.47831307991238153,0.78446214862791186,0.52299273394018531
1,0.81538636862835978,0.47858303071548325,0.78446214862791186,0.52453613649326492
8,0.81509898858744989,0.47895048351662217,0.78446214862791186,0.52277676850201127
2,0.81530015455305116,0.47871262248769608,0.78446214862791186,0.52585869908807759
9,0.81530015558080604,0.47861629996857608,0.78446214862791186,0.5251029954844737
3,0.81541510781025783,0.47858056586463688,0.78446214862791186,0.52202367901327129
10,0.81561627345382914,0.47823301995626538,0.78446214862791186,0.52500780265169789
11,0.81484034489526058,0.47929140955983118,0.78446214862791186,0.5255295380178201
4,0.81515646271004427,0.47884355797577027,0.78446214862791186,0.52317619822414752
12,0.81593239276570917,0.47774062318856969,0.78446214862791186,0.52827429902031131
5,0.8152426791080789,0.47884878635845002,0.78446214862791186,0.52267325981204726
13,0.81466791810127981,0.47966136326374503,0.78446214862791186,0.52262024456761269
6,0.81564501109752074,0.47813674730980782,0.78446214862791186,0.52396426447834155
14,0.81596113314665464,0.4777333496558816,0.78446214862791186,0.52324491335576273
7,0.81527141709435547,0.47868975888457344,0.78446214862791186,0.52340561234618566
15,0.81564501077891682,0.47811207193154887,0.78446214862791186,0.52315474423279329
8,0.81535763151224894,0.47858679327046105,0.78446214862791186,0.52803036867384889
16,0.81486908044233219,0.47936639573072726,0.78446214862791186,0.52244990304171801
9,0.8150989869122095,0.47897276751394946,0.78446214862791186,0.52606148406328912
17,0.81561627437538275,0.47811441260476728,0.78446214862791186,0.52187682527944856
10,0.81547258324152672,0.47844991090054667,0.78446214862791186,0.52176907385487958
18,0.81475412982988138,0.47948612356629905,0.78446214862791186,0.5230353834382091
11,0.8154725840123429,0.47837584290017438,0.78446214862791186,0.52186103064225486
19,0.8161048207690148,0.47749130585726218,0.78446214862791186,0.52515227635543182
12,0.81561627404307535,0.47815495300872624,0.78446214862791186,0.52416075593921763
20,0.81509898915271506,0.47895743272326941,0.78446214862791186,0.52662140368465404
13,0.81541510675852202,0.47843258979368691,0.78446214862791186,0.52216049292647981
21,0.81518520203925382,0.47888938228087163,0.78446214862791186,0.52434294014812943
14,0.81567375129689623,0.47825073303256693,0.78446214862791186,0.52877807830909329
22,0.81558753484747382,0.47837559604972285,0.78446214862791186,0.52574731510473915
15,0.81475413067264046,0.47951932752954962,0.78446214862791186,0.52265874406256052
23,0.81466791767304869,0.47955382051325929,0.78446214862791186,0.52335137722501712
16,0.81587491603946916,0.47770249248184748,0.78446214862791186,0.52649362925514287
24,0.81621977319373995,0.47729376922048544,0.78446214862791186,0.5263286616460261
17,0.81530015567672987,0.47875450525687513,0.78446214862791186,0.52692395306203466
25,0.81527141635779776,0.47875172769790048,0.78446214862791186,0.52503977965311222
18,0.81432305699357854,0.48006598780435211,0.78446214862791186,0.5260155158213885
26,0.81547258279959212,0.47846403099286244,0.78446214862791186,0.52471039744012382
19,0.81636346509841218,0.47711825219708603,0.78446214862791186,0.5255134305156085
27,0.81489782028884505,0.47923904812041002,0.78446214862791186,0.52260467457581328
20,0.8155587968509197,0.47837130012335982,0.78446214862791186,0.52472484562976429
28,0.81512772663539179,0.47893274976703104,0.78446214862791186,0.5249140713794298
21,0.8148690842724321,0.47939710930085311,0.78446214862791186,0.5258628442230453
29,0.81492655783318702,0.47918270747442404,0.78446214862791186,0.52361871486166089
22,0.81593239243340177,0.47772600719766833,0.78446214862791186,0.52347765880751895
23,0.81481160716934853,0.47923896247930808,0.78446214862791186,0.52475301131784202
24,0.81509898858744989,0.47901270445877853,0.78446214862791186,0.52392060775680849
0,0.81537354823159081,0.47851108909509649,0.78446214862791186,0.52717580583940937
25,0.81624851298886514,0.47745099366456334,0.78446214862791186,0.52576574552581601
1,0.81535762928544675,0.47855374707871989,0.78446214862791186,0.52361783337783052
26,0.81452422802258551,0.47983787255708277,0.78446214862791186,0.52649199463931684
2,0.81530015573839509,0.47863425721288888,0.78446214862791186,0.52620726835680198
27,0.81495529545974943,0.47920616138055755,0.78446214862791186,0.52402173534807461
3,0.81570248876586948,0.4779925434898466,0.78446214862791186,0.52212865656590557
28,0.81639220409874025,0.47688250606761023,0.78446214862791186,0.53136252988857102
4,0.81507024880602819,0.47905721515866739,0.78446214862791186,0.52468525805321342
29,0.81561627476592957,0.47831626826327234,0.78446214862791186,0.52441217379266047
5,0.8153001560330182,0.47868214475905396,0.78446214862791186,0.52341667672552439
6,0.81578870412587168,0.47780409825034198,0.78446214862791186,0.52588179327577234
0,0.81540228520659197,0.47858850088441507,0.78446214862791186,0.52391433039034507
7,0.81489782129261901,0.47922583104522865,0.78446214862791186,0.52675925723585004
1,0.81515646414204934,0.47892983686901025,0.78446214862791186,0.52340391491988736
8,0.81541510624464453,0.47857612208888139,0.78446214862791186,0.52390805824819309
2,0.81564501435207792,0.47822871114099957,0.78446214862791186,0.52485697820367094
9,0.81538636703876555,0.47855854606883302,0.78446214862791186,0.52415926083625553
3,0.81550131973413287,0.47831083298154298,0.78446214862791186,0.52326888629639767
10,0.81555879722091151,0.47823579536038069,0.78446214862791186,0.52293345913944012
4,0.81509898751515897,0.47899627303222059,0.78446214862791186,0.52578335311783264
11,0.8156162730769857,0.47805753827221786,0.78446214862791186,0.52376829259899038
5,0.81535762887091889,0.47863652472880142,0.78446214862791186,0.52214922551139897
12,0.8149552974433163,0.47929556435232351,0.78446214862791186,0.52377670112834029
6,0.8153001553718292,0.4786661643464562,0.78446214862791186,0.52448997803893227
13,0.81544384435082584,0.47833679780164051,0.78446214862791186,0.5218604218912315
7,0.81532889274487874,0.47862801696441087,0.78446214862791186,0.52450165033815388
14,0.81604734587560435,0.47753124560015392,0.78446214862791186,0.52231065982366465
15,0.81420810669630594,0.48027856578723305,0.78446214862791186,0.52550318385975292
8,0.81544384338473619,0.47836387838413447,0.78446214862791186,0.52365096750487372
16,0.81596113073828236,0.47775707346757817,0.78446214862791186,0.52599896259041901
9,0.81535763284490448,0.47856851321005062,0.78446214862791186,0.52343066422587847
17,0.8152426797350093,0.47875402286812763,0.78446214862791186,0.52406748571243889
10,0.81527141747462473,0.47872738408919713,0.78446214862791186,0.52538498274358625
18,0.81489782174483116,0.47922623324340097,0.78446214862791186,0.52428421484996601
11,0.81578870306385831,0.47797466632219954,0.78446214862791186,0.52546742849378469
19,0.81541510958484797,0.47836438588521624,0.78446214862791186,0.5217662470274238
12,0.81489782173112779,0.4792537120064021,0.78446214862791186,0.52397507037299562
20,0.81610482133085416,0.47744684004285509,0.78446214862791186,0.52591995698997229
13,0.81558753614587087,0.47827124276866784,0.78446214862791186,0.52382184416649347
21,0.81532888976096363,0.4786034190977127,0.78446214862791186,0.52424247473834518
14,0.81530015484424834,0.47864692222696237,0.78446214862791186,0.52627695378554296
22,0.81469665538868308,0.47951196815706032,0.78446214862791186,0.52338816267085742
15,0.81524267450716281,0.47873702750132818,0.78446214862791186,0.52497195045786549
23,0.81535762944646162,0.47852703372503824,0.78446214862791186,0.52228206882913752
16,0.81567374984091012,0.47809741070658551,0.78446214862791186,0.5239289873149765
24,0.8158174400806194,0.47796559515970821,0.78446214862791186,0.52480746930338951
17,0.81507025263612809,0.47888326193199188,0.78446214862791186,0.52520831528887801
25,0.81532889466335445,0.47852715206244906,0.78446214862791186,0.5229654054480245
18,0.81581744000525069,0.47780687798644411,0.78446214862791186,0.52264964105598477
26,0.81472539086723772,0.47949158441343126,0.78446214862791186,0.52449513906501677
19,0.81501277134665628,0.47904872727448233,0.78446214862791186,0.524839677658689
27,0.81590365445055102,0.47772378488412881,0.78446214862791186,0.52373127490875726
20,0.81535763053245602,0.47863432409575118,0.78446214862791186,0.52316241316586376
28,0.81610482201602408,0.47747253258156291,0.78446214862791186,0.5236250278484299
21,0.81553005763133735,0.47830359097694902,0.78446214862791186,0.52259194684693533
29,0.81472539261784682,0.47949863334998705,0.78446214862791186,0.52138609738938835
22,0.8157312259710523,0.47808354162712852,0.78446214862791186,0.52773068328777628
23,0.81461043891527973,0.47967132263256634,0.78446214862791186,0.52279133970044045
24,0.81630598703951662,0.4772170919363028,0.78446214862791186,0.52268932314507988
0,0.81551722642676583,0.47836306879575224,0.78446214862791186,0.52228929084610654
25,0.81383451146668639,0.48062567941675954,0.78446214862791186,0.52209027568657562
1,0.81524267966306652,0.47863172237450397,0.78446214862791186,0.52227165392670494
26,0.81604734368648635,0.47751126731867544,0.78446214862791186,0.52463222369254825
2,0.81544384596782682,0.47843752090939917,0.78446214862791186,0.52655191464253159
27,0.81527141727592545,0.47869696735780765,0.78446214862791186,0.52487599624105663
3,0.81550132172797729,0.47840553426186194,0.78446214862791186,0.52415545076962966
28,0.81535763018987106,0.47856938949956268,0.78446214862791186,0.52701390074543741
4,0.81489781919942494,0.47918349398098192,0.78446214862791186,0.52295420630519607
29,0.81532889251192087,0.4786534248107322,0.78446214862791186,0.52491373464880708
5,0.81561627586562735,0.47819072392684553,0.78446214862791186,0.52505454290435605
6,0.81532889313542556,0.47852749874815398,0.78446214862791186,0.52320973581051922
0,0.81551722702623786,0.47832049283830597,0.78446214862791186,0.52534801159721922
7,0.81538636781985918,0.47853996487538369,0.78446214862791186,0.5236752933240032
1,0.81509898916641854,0.47884914852128713,0.78446214862791186,0.52408810951320295
8,0.81558753487145474,0.47825201565953418,0.78446214862791186,0.52557842997440773
2,0.81553005999174766,0.47823658465044139,0.78446214862791186,0.5245212522517162
9,0.81498403533024322,0.47913021582274079,0.78446214862791186,0.52267750076563713
3,0.81530015350131535,0.47868693190257905,0.78446214862791186,0.52423684554271011
10,0.81530015513887144,0.47872938549795735,0.78446214862791186,0.52575586599657731
4,0.81544384485099985,0.47841150426390489,0.78446214862791186,0.52220114210687307
11,0.81544384502571821,0.47846606738896852,0.78446214862791186,0.52434907135260533
5,0.81521394213927967,0.4787941211096654,0.78446214862791186,0.52470214682746219
12,0.81544384485099985,0.47840913356739678,0.78446214862791186,0.52403008249176453
6,0.81547258243302623,0.47840257995559671,0.78446214862791186,0.52410767420354587
13,0.8154438438643552,0.47845050642712178,0.78446214862791186,0.52268085352690574
7,0.8152714164948317,0.47873876063779919,0.78446214862791186,0.52580891638638017
14,0.81558753529797312,0.4782173620968313,0.78446214862791186,0.52668166837369301
15,0.81512772710130732,0.47896680262670005,0.78446214862791186,0.52482881180318708
8,0.81550132072420334,0.47839051096655943,0.78446214862791186,0.52568253518575692
16,0.8153863685050291,0.47858171205457323,0.78446214862791186,0.52492252229694347
9,0.81535763031320163,0.478524782230968,0.78446214862791186,0.52724436578522638
17,0.81564501241989873,0.47819442590680666,0.78446214862791186,0.52547260453976485
10,0.81504151235110633,0.47904151026317437,0.78446214862791186,0.52245697497846599
18,0.8153001543200934,0.47862232423693357,0.78446214862791186,0.52372509989130545
11,0.81555879846449486,0.47837882635956347,0.78446214862791186,0.52375253892514806
19,0.81567374903583545,0.47801316363936813,0.78446214862791186,0.52156491013637107
12,0.81532889289219024,0.4786131607794839,0.78446214862791186,0.5246366507028678
20,0.81530015290693036,0.47861782087965782,0.78446214862791186,0.5246539612215354
13,0.81593239245738269,0.4776984360180912,0.78446214862791186,0.52497255291596823
21,0.81492655721995999,0.47914658488598855,0.78446214862791186,0.52543238090328959
14,0.8145817022787879,0.47962926630384983,0.78446214862791186,0.52328686849529527
22,0.81570248857059602,0.47809034091945241,0.78446214862791186,0.52559812052316401
15,0.81527141765619482,0.47870629155098315,0.78446214862791186,0.52448810785415168
23,0.81530015457703209,0.4786379514761237,0.78446214862791186,0.52583649220219641
16,0.81573122684806987,0.47799798305731389,0.78446214862791186,0.52503752114763302
24,0.81492656065951297,0.47920029882857534,0.78446214862791186,0.52401655354347831
17,0.81509898746377119,0.478806815510677,0.78446214862791186,0.52412097150111103
25,0.81561627374845225,0.47808406737085957,0.78446214862791186,0.52474354629022668
18,0.8158749160840052,0.47778585434977439,0.78446214862791186,0.52358606422089959
26,0.81561627556072669,0.47818065983322694,0.78446214862791186,0.52236424487425515
19,0.81567374872750897,0.47796409671620488,0.78446214862791186,0.52246035973864247
27,0.81475413146743758,0.47954179291191135,0.78446214862791186,0.52593456713326903
20,0.81484034421009066,0.47935910664211251,0.78446214862791186,0.5267680465462673
28,0.81509898912530832,0.47900055137284103,0.78446214862791186,0.52541691242936128
21,0.81524267727524935,0.47866807501388081,0.78446214862791186,0.5222150434060876
29,0.81561627300161699,0.47811570065057213,0.78446214862791186,0.523485059875891
22,0.81521394132392744,0.47872684978255492,0.78446214862791186,0.52227165380797058
23,0.81578870330709363,0.47786368866927681,0.78446214862791186,0.52364994947653842
24,0.8150415124744369,0.47895946606608697,0.78446214862791186,0.52398438900115485
0,0.81543102012626056,0.47850133688456709,0.78446214862791186,0.52527489878266931
25,0.81564501152575197,0.47814398118657353,0.78446214862791186,0.52427381300831222
1,0.81532889338208669,0.47855088809415125,0.78446214862791186,0.52580180170526547
26,0.81593239356050629,0.47770602263318168,0.78446214862791186,0.52448144994408963
2,0.81521394112522816,0.47874997707846234,0.78446214862791186,0.52239810684287691
27,0.8142081065969563,0.48023616146156767,0.78446214862791186,0.52387987415629078
3,0.81541510821450802,0.47853840315729412,0.78446214862791186,0.52360930837008113
28,0.81644967934501322,0.47684357927394166,0.78446214862791186,0.52581566002264446
4,0.81515646443324663,0.47889025180946942,0.78446214862791186,0.52255231711968952
29,0.81478286870687888,0.47942885538522934,0.78446214862791186,0.52351376639894276
5,0.81575996314540256,0.47796785236809569,0.78446214862791186,0.5255149543522839
6,0.81515646461824254,0.47882040044588342,0.78446214862791186,0.52293191666147143
0,0.81534481254117241,0.47850979821777889,0.78446214862791186,0.52305815929910571
7,0.81555879912568385,0.4783355096556296,0.78446214862791186,0.52461515064258502
1,0.81544384544024606,0.47847947945837199,0.78446214862791186,0.52203207365070203
8,0.81541510436042719,0.47847805645036456,0.78446214862791186,0.52231089895464988
2,0.81521393985423796,0.47885982124449916,0.78446214862791186,0.52512017687953327
9,0.81492656037859335,0.47921551716006666,0.78446214862791186,0.52297159091409939
3,0.81538636651118468,0.47846548999969785,0.78446214862791186,0.5262687239513929
10,0.81547258450223936,0.47838361041896743,0.78446214862791186,0.52275973510932161
4,0.81538636797744835,0.47842473822424259,0.78446214862791186,0.52363506850018449
11,0.81498403628605531,0.47915747686957211,0.78446214862791186,0.52370353250864488
5,0.81555879956761845,0.47820091096906858,0.78446214862791186,0.52411345680396393
12,0.81558753539903561,0.47821900609355139,0.78446214862791186,0.52459843676403695
6,0.81512772675529654,0.47891092769756438,0.78446214862791186,0.52319056116252305
13,0.81578870214573063,0.47789878628632632,0.78446214862791186,0.52329303757602952
7,0.81515646693069099,0.47894452970514462,0.78446214862791186,0.52517665121184876
14,0.81515646388511065,0.47886053969826708,0.78446214862791186,0.52478476313955758
8,0.81570248775181797,0.47803152727594966,0.78446214862791186,0.52367788660098835
15,0.8158461777962539,0.47784864097421675,0.78446214862791186,0.52414073424035335
9,0.81550132246110918,0.47835298815201654,0.78446214862791186,0.52376490249576801
16,0.81481160776544637,0.47938348162560318,0.78446214862791186,0.52425637568135663
10,0.81495530038269537,0.47911009987006908,0.78446214862791186,0.5226377591906316
17,0.81570248739552964,0.47805304009054439,0.78446214862791186,0.52304794268304133
11,0.81550132166631206,0.47832561769810794,0.78446214862791186,0.52282212633060743
18,0.81550132044328372,0.47829957024394792,0.78446214862791186,0.52381577019197534
12,0.81561627500916489,0.4782270457575567,0.78446214862791186,0.52525146442105575
19,0.8155587981013549,0.47824438679001435,0.78446214862791186,0.523387838169873
13,0.81515646520406282,0.478824692794803,0.78446214862791186,0.52330408830091768
20,0.81489782174483116,0.47912900844798656,0.78446214862791186,0.5225218767188935
14,0.8154151066249139,0.47844031860723091,0.78446214862791186,0.52539391762231924
21,0.81492655991267782,0.47916098043117439,0.78446214862791186,0.52525572472834492
15,0.81567375001220255,0.47832368399270098,0.78446214862791186,0.52513629981721066
22,0.81593239206683588,0.47766917317452218,0.78446214862791186,0.52344399132576591
16,0.81544384437480677,0.47843858000396033,0.78446214862791186,0.52525347245641918
23,0.81466791655964754,0.47949345348590261,0.78446214862791186,0.5221848644583349
24,0.81567375001220255,0.47800570027093098,0.78446214862791186,0.52330373067304903
17,0.81492655870335284,0.47919854918122207,0.78446214862791186,0.52275850027205939
25,0.81495530008807227,0.4791470942841346,0.78446214862791186,0.52347546993973726
18,0.81553005863511119,0.47827679493524777,0.78446214862791186,0.52401631334388399
26,0.81624851349246508,0.47724023666464604,0.78446214862791186,0.52347790138180039
19,0.8156737512729153,0.47807287105363716,0.78446214862791186,0.52279253915486579
27,0.81509898926234226,0.47888632966128664,0.78446214862791186,0.52451480444209031
20,0.81489782124465715,0.47917702844092419,0.78446214862791186,0.52469755157056552
28,0.81530015318271132,0.47860105012440696,0.78446214862791186,0.52506429289441658
21,0.81538636829605227,0.47849569328523905,0.78446214862791186,0.52366708569317699
29,0.81521393987821889,0.47871997535192756,0.78446214862791186,0.52200751677452328
22,0.81558753591291311,0.47824994784067887,0.78446214862791186,0.52211972916743665
23,0.81489782186816173,0.47921744818474626,0.78446214862791186,0.52405133297243911
24,0.815300154100839,0.47861539931013913,0.78446214862791186,0.52351569167646284
0,0.81537354728956335,0.47852882117718115,0.78446214862791186,0.52550347440271261
25,0.81587491920495414,0.4778593314989999,0.78446214862791186,0.52438959930522511
1,0.81535763245435766,0.47856742146714248,0.78446214862791186,0.52474367808535749
26,0.81452422765601962,0.47976280284598699,0.78446214862791186,0.52579690165728687
2,0.81532889335810577,0.47854097027146486,0.78446214862791186,0.52420197433209514
27,0.81627724921082923,0.47718281626622561,0.78446214862791186,0.52562400354332184
3,0.81515646461824254,0.47873764544495029,0.78446214862791186,0.52447583665885777
28,0.81564501465697858,0.47815201291973697,0.78446214862791186,0.52310321969814988
4,0.8156450119539832,0.47809115787410533,0.78446214862791186,0.52429710809453078
29,0.81435179613779229,0.48002924368714289,0.78446214862791186,0.52479269851251431
5,0.81547258271737166,0.4783860124363058,0.78446214862791186,0.52518985589661926
6,0.81509898868679953,0.47894858005632868,0.78446214862791186,0.5236352071819077
0,0.81534481322628327,0.47853709705944719,0.78446214862791186,0.52325374719156215
7,0.81530015478600892,0.47858869416393673,0.78446214862791186,0.52639054195339463
1,0.81558753662206396,0.4781822790276522,0.78446214862791186,0.52566314087920929
8,0.8156162743102916,0.47809957225583022,0.78446214862791186,0.5254538657655754
2,0.81524267993028277,0.47850302328278072,0.78446214862791186,0.5236224089248247
9,0.81544384804731762,0.47836037222145583,0.78446214862791186,0.52535495138263322
3,0.81530015438175862,0.47864516120664474,0.78446214862791186,0.52311989825322813
10,0.81507025075704953,0.47900430986818698,0.78446214862791186,0.52432272978037953
11,0.81515646350484139,0.47884523612392887,0.78446214862791186,0.52449756124580049
4,0.81532889225498217,0.47863126081577861,0.78446214862791186,0.52481228410010317
12,0.81570249019787466,0.47795997369504201,0.78446214862791186,0.52517905297032386
5,0.81550132254675534,0.47825667891234613,0.78446214862791186,0.52718543578903987
13,0.81550131967246753,0.47819804618025413,0.78446214862791186,0.52500657054532573
6,0.81515646535137432,0.47874693953689806,0.78446214862791186,0.52782587629865363
14,0.81575996386825678,0.47789541176277617,0.78446214862791186,0.52347187335747647
7,0.81512772476487783,0.47884890073729158,0.78446214862791186,0.52315664089533442
15,0.81446674992600554,0.47987783990632726,0.78446214862791186,0.5229831383047826
8,0.81561627536545334,0.47814373412371936,0.78446214862791186,0.52648359252162191
16,0.8158461788822482,0.4778097716894294,0.78446214862791186,0.52332806789067632
9,0.81564501169704451,0.47802309214128419,0.78446214862791186,0.52349444748870877
17,0.81575996603681966,0.4779636724966711,0.78446214862791186,0.52327851220906019
10,0.814984035381631,0.47881271892105481,0.78446214862791186,0.52926103574821204
18,0.8153288928305249,0.47857784376160306,0.78446214862791186,0.52448723776881911
11,0.81573122685149568,0.47805693514282604,0.78446214862791186,0.52419542933840202
19,0.81515646318966317,0.47881155167584666,0.78446214862791186,0.52259742050056912
12,0.81558753528940842,0.47822406676547552,0.78446214862791186,0.52436993440308899
20,0.81489782190242022,0.47918994442246393,0.78446214862791186,0.52382435848513442
13,0.81512772631678776,0.47896063933136934,0.78446214862791186,0.52420132188683011
21,0.81558753509413506,0.47809785999648685,0.78446214862791186,0.52557803268926551
14,0.81550132144705767,0.47831452796591917,0.78446214862791186,0.52485658958613635
22,0.81532889281682153,0.47861823294170769,0.78446214862791186,0.52292543827774995
15,0.81524267807004647,0.47868065467034138,0.78446214862791186,0.52346177713804509
23,0.81492656015591314,0.47914717322770051,0.78446214862791186,0.52337353483614224
16,0.81509898840587991,0.47889050082848372,0.78446214862791186,0.52448335337448881
24,0.81633472532726803,0.4770658856360197,0.78446214862791186,0.52360982949515267
17,0.81564501358468766,0.47817555060930544,0.78446214862791186,0.52224522199763723
25,0.81515646310059109,0.47877578099068513,0.78446214862791186,0.52502765467917301
18,0.81443801179241748,0.47991155863260437,0.78446214862791186,0.52328058305489589
26,0.81475412901795508,0.47943637394667338,0.78446214862791186,0.52332762251812148
19,0.81644967974926352,0.47682654005112818,0.78446214862791186,0.52564000264106991
27,0.81647841709833202,0.47683333867883726,0.78446214862791186,0.52486544966222759
20,0.81472539140509614,0.47948058135181226,0.78446214862791186,0.52517277685057118
28,0.81435179923476031,0.47999289290971531,0.78446214862791186,0.52574387845765069
21,0.81561627430001404,0.47809571378220156,0.78446214862791186,0.52561341113303284
29,0.81538636858039781,0.47852617461958791,0.78446214862791186,0.52412019509718233
22,0.81527141900255373,0.47863805780164925,0.78446214862791186,0.52329492996413396
23,0.81547258324152672,0.47830448601014086,0.78446214862791186,0.5255397853860817
24,0.81492656047451706,0.47911929545856247,0.78446214862791186,0.5242816815338287
0,0.81543101926987194,0.47849709579143029,0.78446214862791186,0.52289552873824219
25,0.81610482157751529,0.47749115558836341,0.78446214862791186,0.52428811515469953
1,0.81541510702916409,0.47841864811790691,0.78446214862791186,0.52404047435973267
26,0.81435179572326444,0.48003187608687353,0.78446214862791186,0.52401495965353517
2,0.81530015517141696,0.47858675739753315,0.78446214862791186,0.52427089154957773
27,0.81604734396740608,0.47744097218594478,0.78446214862791186,0.52481080526374724
3,0.8151852017960185,0.4787375715767806,0.78446214862791186,0.52281704651881977
28,0.81607608375225371,0.47746427313645695,0.78446214862791186,0.52375326261102439
4,0.8153001536965887,0.47855148775315742,0.78446214862791186,0.52384654150541088
29,0.81432305956296569,0.48005052093260897,0.78446214862791186,0.52534071584621744
5,0.81553005936824308,0.47821844335321373,0.78446214862791186,0.52312018351250911
6,0.81561627279606608,0.47809992538555829,0.78446214862791186,0.52345587710935282
0,0.81543101978370514,0.47842786966384143,0.78446214862791186,0.52368774416437192
7,0.81535763033718256,0.47847895463019929,0.78446214862791186,0.52496505935353588
1,0.81538636757662386,0.47855206473303907,0.78446214862791186,0.52338195191436554
8,0.81524267765551861,0.47860186313676345,0.78446214862791186,0.52780213738342685
2,0.81527141539513404,0.47865372634973424,0.78446214862791186,0.52370233447903181
9,0.81538636899492567,0.47846842086287406,0.78446214862791186,0.52509532577962992
3,0.81532889431049194,0.47853380986718325,0.78446214862791186,0.52247926402851885
10,0.81544384338473619,0.47837510879883827,0.78446214862791186,0.52589765131711008
11,0.81481160781683415,0.47929879020770316,0.78446214862791186,0.52348202324483495
4,0.8152714160528971,0.47868565864445412,0.78446214862791186,0.52467460164510871
12,0.81593239403669937,0.47767336582265291,0.78446214862791186,0.52443605981974961
5,0.81535763086476343,0.47839407941118434,0.78446214862791186,0.52242926404295686
13,0.81521393932665709,0.47873713684331431,0.78446214862791186,0.52455776074968008
6,0.81567375129689623,0.47804830139795418,0.78446214862791186,0.52658008056807803
14,0.81472539239516661,0.47950248099964377,0.78446214862791186,0.52359155794063883
7,0.81518520139176831,0.47879860493189014,0.78446214862791186,0.523489175802208
15,0.81555879735109382,0.47825264313558286,0.78446214862791186,0.52435285327918979
8,0.81541510838580056,0.47839268056483786,0.78446214862791186,0.52561903296713808
16,0.81564501178269067,0.47803421405676089,0.78446214862791186,0.52390232112303203
9,0.81538637048859608,0.47847003039640335,0.78446214862791186,0.52480566584731481
17,0.81547258216238405,0.47828740272404946,0.78446214862791186,0.52354037298624256
10,0.81541510865644262,0.47841886126228039,0.78446214862791186,0.52551431354298539
18,0.81593239243340177,0.47759852314518147,0.78446214862791186,0.52299696622616743
11,0.81521394069699693,0.47862221872676025,0.78446214862791186,0.52290015344125818
19,0.81492655905621536,0.47910710386521865,0.78446214862791186,0.52383039375225382
12,0.81484034675549688,0.47921463396746761,0.78446214862791186,0.52476660129558517
20,0.81532889382059548,0.47859656512026411,0.78446214862791186,0.52451148890404109
13,0.81621977491009068,0.47721734004661048,0.78446214862791186,0.52278905905100459
21,0.81532889278256304,0.47855285075655218,0.78446214862791186,0.52383067479646539
14,0.81484034540913797,0.47919411671676559,0.78446214862791186,0.52542413575240821
22,0.81486908452937079,0.47929063450760151,0.78446214862791186,0.5237962597632313
15,0.81590365359408867,0.47767141938336288,0.78446214862791186,0.52553096959790391
23,0.8157312272420425,0.47802037111225426,0.78446214862791186,0.52404788765774302
16,0.81530015468152051,0.47865878377566584,0.78446214862791186,0.52336467867828462
24,0.81518520133010297,0.47876671967665507,0.78446214862791186,0.52370281772784499
17,0.81507025119041954,0.47888657288890213,0.78446214862791186,0.52312381619001291
25,0.81670832249934422,0.47652387183764361,0.78446214862791186,0.52271588413838843
18,0.81507024812085827,0.47889377577457565,0.78446214862791186,0.52614081725181339
26,0.81371955796281858,0.48083533440392795,0.78446214862791186,0.52504768694539472
19,0.81573122692343858,0.47792114596067187,0.78446214862791186,0.52428128341754598
27,0.81601860866356979,0.47752290559876331,0.78446214862791186,0.52409056327732439
20,0.81486908177841355,0.47922966364255859,0.78446214862791186,0.52442378755584651
28,0.81570248810810631,0.47789903270426431,0.78446214862791186,0.52376572259393817
21,0.81644967927307044,0.4768652456513896,0.78446214862791186,0.52545805863175254
29,0.81429432233722776,0.48003710167919877,0.78446214862791186,0.52295833873558806
22,0.81507025007701839,0.47891807129034542,0.78446214862791186,0.52473537724806496
23,0.8155013227797131,0.47826965739508659,0.78446214862791186,0.52489106410528086
24,0.81507024793414939,0.47894667178699879,0.78446214862791186,0.52467264335943886
0,0.81525860538427852,0.47871148059594221,0.78446214862791186,0.52558075598036624
25,0.8144380127345261,0.47986244801101618,0.78446214862791186,0.52454081842623856
1,0.81530015570071079,0.47854708590209322,0.78446214862791186,0.52303626136000891
26,0.8158749171528703,0.477678790881647,0.78446214862791186,0.52406049356517559
2,0.81558753603281786,0.47812797354874875,0.78446214862791186,0.52364740108113839
27,0.8161335598310081,0.4772897618842693,0.78446214862791186,0.52650228926385068
3,0.81524267781310766,0.47863747946770058,0.78446214862791186,0.52432297027680974
28,0.81547258518740928,0.47835213406886179,0.78446214862791186,0.52462788062741561
4,0.81524267635712167,0.47867694834468999,0.78446214862791186,0.52520443398164085
29,0.815328891302596,0.47855341387030742,0.78446214862791186,0.52442331831768685
5,0.81558753687900265,0.47813169578147641,0.78446214862791186,0.52579352176521876
6,0.81561627274810422,0.47806250313169246,0.78446214862791186,0.52614949542687706
0,0.81545975615923427,0.47830077256450709,0.78446214862791186,0.52217818398874594
7,0.81512772645039588,0.47887138306904442,0.78446214862791186,0.52360557108761308
1,0.81530015373427311,0.47864152780362862,0.78446214862791186,0.52447513292035264
8,0.81532889344375203,0.47849316142819975,0.78446214862791186,0.52498176017130516
2,0.8154151060733521,0.47839653264497461,0.78446214862791186,0.52320140481470112
9,0.81558753757787594,0.4781559646090211,0.78446214862791186,0.5250022968210547
3,0.8153863672340389,0.47826973946388385,0.78446214862791186,0.52289117949892328
10,0.8148403439771329,0.4791253859580144,0.78446214862791186,0.52905433740748831
11,0.81564501380051613,0.47810731942850232,0.78446214862791186,0.52645436653577948
4,0.81521394070042286,0.47875055550405254,0.78446214862791186,0.52354227997867231
12,0.8155875367214136,0.47818330717822666,0.78446214862791186,0.52363094022549483
13,0.81458170218971582,0.47972969935776727,0.78446214862791186,0.52637435406802657
14,0.81619103536847837,0.47725555452392077,0.78446214862791186,0.5256876032428438
15,0.81538636938547249,0.47841256066746118,0.78446214862791186,0.52389226705429559
16,0.81472539365587926,0.47937784415365453,0.78446214862791186,0.5250162933452196
17,0.8159036552933101,0.47754343390810794,0.78446214862791186,0.52275830471658136
18,0.81590365508433327,0.47769777832176641,0.78446214862791186,0.52454570980660942
19,0.81509898792968682,0.47882880037480513,0.78446214862791186,0.52615089138665527
20,0.81475413112485262,0.4793320275138917,0.78446214862791186,0.52437427046289486
21,0.81613355906019203,0.47739325570187274,0.78446214862791186,0.52312883437867186
22,0.81466791722426235,0.47952547340957374,0.78446214862791186,0.5234789945689805
23,0.81521393937461895,0.47870936355059951,0.78446214862791186,0.52457979297732926
24,0.81538636785754359,0.47848644604349794,0.78446214862791186,0.52458847780151674
25,0.81653589337235999,0.47677173204290718,0.78446214862791186,0.52513623083255201
26,0.81463917731608415,0.47957880765839439,0.78446214862791186,0.52378705369523793
27,0.81535763083735657,0.47847642900306753,0.78446214862791186,0.52460777177753681
28,0.8152426795500135,0.47865232243398675,0.78446214862791186,0.52602104385535553
29,0.81507025134115685,0.47887988211721699,0.78446214862791186,0.52319669818498227
0,0.81540228426456451,0.47849032128679342,0.78446214862791186,0.52368618921929622
1,0.81558753811573437,0.47805159713124518,0.78446214862791186,0.52365277464171334
2,0.81512772538838252,0.4787861549241394,0.78446214862791186,0.52443252646353145
3,0.81524267722728738,0.47865013093939046,0.78446214862791186,0.52396456404511194
4,0.81547258534499834,0.47825752463043258,0.78446214862791186,0.52499986229189843
5,0.81535763125531024,0.47843687502711685,0.78446214862791186,0.52508655107353785
0,0.81528734124597457,0.4785749951227643,0.78446214862791186,0.5220471267918666
6,0.81527141506282663,0.47862858549529091,0.78446214862791186,0.52334356806667681
1,0.81541510646389892,0.47837613229625242,0.78446214862791186,0.52384181742174218
7,0.8158174404848697,0.47765120072543227,0.78446214862791186,0.52915385531714243
2,0.8150415098776429,0.47898690182097181,0.78446214862791186,0.52310789925643653
8,0.81472539184360482,0.4794520013605818,0.78446214862791186,0.52351236058421347
3,0.81596113324257846,0.47758135124777645,0.78446214862791186,0.52221352978056645
9,0.81553005940592738,0.47827792855916762,0.78446214862791186,0.52444348261650819
4,0.81498403690955989,0.47909491154045591,0.78446214862791186,0.52487207753249854
10,0.81561627671181214,0.47810949138462172,0.78446214862791186,0.5259837540259874
5,0.81553005923463495,0.47818896947987694,0.78446214862791186,0.52416814133465528
11,0.81518520225850821,0.47876481553718686,0.78446214862791186,0.52344052962572929
6,0.81530015440573966,0.47852860912682765,0.78446214862791186,0.52408181528646158
12,0.81581744148864355,0.47782179078524917,0.78446214862791186,0.5235898117145219
7,0.81567374977924478,0.47799085272171443,0.78446214862791186,0.5262487764614987
13,0.81507024661348437,0.47892141252405823,0.78446214862791186,0.52325545031710929
8,0.81512772448053239,0.47886856050468313,0.78446214862791186,0.52443098000796196
14,0.8158174402279309,0.47770388649003781,0.78446214862791186,0.52346336010442784
9,0.81512772466552819,0.47880668360176287,0.78446214862791186,0.5250200227912204
15,0.81489782082670348,0.47921111587426762,0.78446214862791186,0.52303289749707838
10,0.81524267717589971,0.47862401754961559,0.78446214862791186,0.52427154209509319
16,0.8151564645565772,0.47876392331490464,0.78446214862791186,0.52419729501127721
11,0.81555879919591379,0.47817191531008152,0.78446214862791186,0.5232217149193068
17,0.81558753651243676,0.47807707710369163,0.78446214862791186,0.52518410701675722
12,0.81558753696464892,0.47814346828035753,0.78446214862791186,0.52569726513201498
18,0.8152426791457632,0.47868159001293642,0.78446214862791186,0.52458153849104017
13,0.81555879576149959,0.47821520133638845,0.78446214862791186,0.52457406891294689
19,0.81561627335790543,0.47816617279901386,0.78446214862791186,0.5242428606249897
14,0.81555879657000008,0.47819756818601522,0.78446214862791186,0.52391816752840326
20,0.81509898698415229,0.47889876206873488,0.78446214862791186,0.52374613207887366
15,0.81478286717552406,0.47934300282355935,0.78446214862791186,0.52524425119042872
21,0.81593239287533637,0.47764553827133166,0.78446214862791186,0.52386724990440081
16,0.81570248744691742,0.47800424399963654,0.78446214862791186,0.52481742042944246
22,0.81466791687825157,0.4794716458050044,0.78446214862791186,0.52259342972025924
17,0.81521394267713809,0.47868331621634425,0.78446214862791186,0.52324508825146343
23,0.81535763134095651,0.47849930938685814,0.78446214862791186,0.52292916843615678
18,0.81492655938509695,0.47897964492078371,0.78446214862791186,0.52553432218107099
24,0.8152426798069522,0.47866099425974662,0.78446214862791186,0.52483490584381076
19,0.81555879712156187,0.47815986126117449,0.78446214862791186,0.52352579715717362
25,0.81564501419106306,0.47808492344700237,0.78446214862791186,0.52402638546024183
0,0.81528734141725234,0.47852817708733436,0.78446214862791186,0.5240803541415241
20,0.81541510742998846,0.47842549095877485,0.78446214862791186,0.52442190763484908
26,0.81564501289609181,0.47805305551286298,0.78446214862791186,0.52378301358080481
1,0.8153863689812223,0.47844600462004294,0.78446214862791186,0.52435005340443186
21,0.8156737500224801,0.47800497974366757,0.78446214862791186,0.52499551103409547
27,0.81440927121277273,0.47990105666915422,0.78446214862791186,0.52254238819696042
2,0.81547258512574405,0.47830187720509304,0.78446214862791186,0.52342610411435009
22,0.81489782042245318,0.47912342800273083,0.78446214862791186,0.52488021237916682
28,0.81613355806669563,0.47734137955289374,0.78446214862791186,0.52562500435517601
3,0.81550132192325075,0.4782247925257242,0.78446214862791186,0.52395122495305491
23,0.8154725818951678,0.4783276081998194,0.78446214862791186,0.52467787966310264
4,0.81501277422094409,0.47898580273304203,0.78446214862791186,0.52506643058769253
24,0.81558753584097021,0.47820086665827299,0.78446214862791186,0.52364855826613432
5,0.81564501085428542,0.4780588522859629,0.78446214862791186,0.52354909984239073
25,0.81498403699178035,0.47909861583971725,0.78446214862791186,0.52314859319968054
6,0.81530015684151869,0.47865635643359056,0.78446214862791186,0.52370745881620151
26,0.81642094020079947,0.4769245457895207,0.78446214862791186,0.52489242491969079
7,0.81532889416318044,0.47854127504789484,0.78446214862791186,0.52325646098391465
27,0.81484034536117611,0.47929685011394313,0.78446214862791186,0.52326912020307137
8,0.81495529607297645,0.47909811138250286,0.78446214862791186,0.52494845613540408
28,0.81590365653004182,0.47760443003707898,0.78446214862791186,0.5258090909258778
9,0.81547258440288972,0.47829255098124518,0.78446214862791186,0.52332504800116397
29,0.81530015458730964,0.47855051773582535,0.78446214862791186,0.52691482120301147
10,0.81555879669333065,0.47819623584311821,0.78446214862791186,0.52417351341105078
11,0.81538637024193494,0.47841549906665015,0.78446214862791186,0.52437811235032705
12,0.81547258328948857,0.47826691112953529,0.78446214862791186,0.52439249784822961
13,0.81553006168069153,0.47819201546616058,0.78446214862791186,0.52284824468225122
14,0.81495529584001869,0.47906780870364279,0.78446214862791186,0.52354242625939418
0,0.81520113357524759,0.47875841617070397,0.78446214862791186,0.52349223819861845
15,0.8154725828509799,0.47833561641366867,0.78446214862791186,0.52368209312161607
1,0.81524267992685695,0.47865186422231654,0.78446214862791186,0.52429212053933472
16,0.81538637000897718,0.47841173293080297,0.78446214862791186,0.52424605089829734
2,0.81541510865301681,0.47836768673244423,0.78446214862791186,0.5234406919949558
17,0.815587534456927,0.47813077581837682,0.78446214862791186,0.52502163876575303
3,0.81550132362247219,0.47828154522433897,0.78446214862791186,0.52591023893945243
18,0.8151852039508779,0.47875068686140487,0.78446214862791186,0.52422219087403132
4,0.81547258436520542,0.47828979747858658,0.78446214862791186,0.52444619142201787
19,0.81495529654916954,0.47895549173022384,0.78446214862791186,0.52514786038740702
5,0.8152139420536334,0.47861484265753629,0.78446214862791186,0.52212560794267993
20,0.8152426774705227,0.47862935127974082,0.78446214862791186,0.52558944780988048
6,0.81567374945036331,0.47803022950415769,0.78446214862791186,0.52442190003585054
21,0.81535763109429527,0.47849494270214038,0.78446214862791186,0.52349361017405749
7,0.81492655850465356,0.47910059682527495,0.78446214862791186,0.52384650345105099
22,0.81590365520766384,0.47773366792673322,0.78446214862791186,0.5245658495274198
8,0.81578870196073472,0.4778483900444348,0.78446214862791186,0.52372794963449121
23,0.81558753653641769,0.47814204637547364,0.78446214862791186,0.52449564344854471
9,0.81575996216560953,0.47784896699519674,0.78446214862791186,0.52347703058406181
24,0.81558753717362575,0.47812894404569972,0.78446214862791186,0.52335269185176414
10,0.81420810415089961,0.48020708705171872,0.78446214862791186,0.52499247915241343
25,0.81438053352454509,0.47985263041669951,0.78446214862791186,0.52249265049558236
11,0.81581744188946803,0.47777296875380793,0.78446214862791186,0.52290904616929623
26,0.81555879548057986,0.47817601877049948,0.78446214862791186,0.5248738412125652
12,0.81541510601168676,0.47832524484918937,0.78446214862791186,0.52511122799014665
27,0.81601860862588538,0.47748434576583421,0.78446214862791186,0.52416567735937958
13,0.81530015556710267,0.47850353584298594,0.78446214862791186,0.52407707434251494
28,0.81518520349523993,0.47877507734172636,0.78446214862791186,0.52515283357574649
14,0.81518520069289491,0.47867466175193385,0.78446214862791186,0.52290154322685001
15,0.81575996383057248,0.4778879872777323,0.78446214862791186,0.52439891449008802
0,0.81534481236989476,0.47855121629505321,0.78446214862791186,0.52537850863430124
16,0.81567375073505688,0.47795156979213471,0.78446214862791186,0.52367017183645792
1,0.81530015665652278,0.47854200436503197,0.78446214862791186,0.52354551649901027
17,0.81472539434104929,0.47942548677383917,0.78446214862791186,0.52475861937876245
2,0.81561627321059382,0.47805368494250244,0.78446214862791186,0.52612194228932208
18,0.81581744054653493,0.47781733367094814,0.78446214862791186,0.52462691389232041
3,0.81527141539513404,0.47857502382486844,0.78446214862791186,0.52333651738337783
19,0.81504151290266813,0.47895420052235976,0.78446214862791186,0.52297395681480008
4,0.81515646343289849,0.47877405515983845,0.78446214862791186,0.52385527631676054
20,0.81547258253237587,0.47831620249038531,0.78446214862791186,0.52480738161807039
5,0.81518520109714521,0.47866709076214353,0.78446214862791186,0.52363556659079169
21,0.8162197764620005,0.47717143942813928,0.78446214862791186,0.524222857033114
6,0.81555879764571682,0.47816291414711926,0.78446214862791186,0.52370689126599834
22,0.81486908394355051,0.47917095601282905,0.78446214862791186,0.52468537025717621
0,0.81537354780339644,0.47849383620523861,0.78446214862791186,0.52377835260444428
7,0.81570248809440293,0.47791543747942505,0.78446214862791186,0.52542660792035412
23,0.8145529651489738,0.47962116703006097,0.78446214862791186,0.52272466964930653
1,0.81544384336075526,0.47832562026235637,0.78446214862791186,0.52413333530919959
8,0.81501277360771707,0.47896560983750058,0.78446214862791186,0.52501235647030564
24,0.81553005999174766,0.47825640951123949,0.78446214862791186,0.52459771414676981
2,0.81509898763506372,0.47880108693767853,0.78446214862791186,0.52611857735778234
9,0.81575996521118987,0.47783872665446164,0.78446214862791186,0.52329486192935015
25,0.81573122768055129,0.47788075535969615,0.78446214862791186,0.52337762392849563
10,0.8148403462416195,0.47918542282168242,0.78446214862791186,0.52474668182699802
3,0.81570248735784523,0.47788151280991042,0.78446214862791186,0.52266348524397588
26,0.81472539240030539,0.47942880713385022,0.78446214862791186,0.52395825438290478
11,0.81564501216296004,0.47799493541463195,0.78446214862791186,0.52536623791394477
4,0.81492656084108306,0.4791052149074031,0.78446214862791186,0.5237428551888561
27,0.81593239496510461,0.4776155322342216,0.78446214862791186,0.52363778751684853
12,0.81558753725927202,0.47809130429577495,0.78446214862791186,0.52499113294232891
5,0.81573122737565062,0.47791236711479546,0.78446214862791186,0.5249153022984584
28,0.81547258257006017,0.47825100879633287,0.78446214862791186,0.52446319572479128
13,0.8151564644092657,0.47876449868891929,0.78446214862791186,0.52413289480475311
6,0.81550132080984961,0.4782570810668389,0.78446214862791186,0.52310526549103731
29,0.81544384507368006,0.4782842028323277,0.78446214862791186,0.52398515584696814
14,0.81601860977354501,0.47743736168302042,0.78446214862791186,0.52386152186241752
7,0.81512772422359359,0.47882354202621863,0.78446214862791186,0.52517571606009128
15,0.81463918041305217,0.4795318423398155,0.78446214862791186,0.52457129100404409
8,0.81541510791988503,0.47841214172544877,0.78446214862791186,0.52386417498151616
16,0.81532889436187972,0.47845496199036935,0.78446214862791186,0.52354419112680439
9,0.81535763096068714,0.47843867319392197,0.78446214862791186,0.5258750819352519
17,0.81527141775554446,0.47861955608105966,0.78446214862791186,0.52567357727255959
10,0.81541510870440459,0.47839954708774779,0.78446214862791186,0.52346496812375898
18,0.81604734667040146,0.47745721045624895,0.78446214862791186,0.52493335502556115
11,0.8145529648920351,0.47961248793379174,0.78446214862791186,0.52638729991190936
19,0.81495529709045378,0.4790409063869473,0.78446214862791186,0.52501277144686631
12,0.81607608499583706,0.47739160742883585,0.78446214862791186,0.52649945911183305
20,0.81610482199204315,0.47732135511151735,0.78446214862791186,0.52435205229725024
13,0.8151277250903336,0.4788144820011645,0.78446214862791186,0.52511512865108323
21,0.81348965430898967,0.48124895140155688,0.78446214862791186,0.52479215316563488
14,0.81590365381334307,0.4776680875467556,0.78446214862791186,0.52375546596439715
22,0.81705318049294828,0.47597143813433701,0.78446214862791186,0.52369003656850865
15,0.81495529779960474,0.47903225543317629,0.78446214862791186,0.52332062300932836
23,0.81484034589903453,0.47919859602543341,0.78446214862791186,0.52510438414208915
16,0.81509898674091696,0.47890383876164483,0.78446214862791186,0.52418101688780161
24,0.81567374984091012,0.47799409774215335,0.78446214862791186,0.52400532637934283
17,0.8160473452418221,0.47743536275800119,0.78446214862791186,0.52301687120916363
25,0.81550132028226874,0.47829139798328918,0.78446214862791186,0.52539154127299548
18,0.81550132107706585,0.47826488363806891,0.78446214862791186,0.52412082177709296
26,0.81515646339521419,0.4787329734408054,0.78446214862791186,0.52362057602263068
19,0.81515646245310547,0.47874076286790684,0.78446214862791186,0.52679440842206737
27,0.81403567958372125,0.4804433106315798,0.78446214862791186,0.52288576271904419
20,0.81544384455980268,0.47820651237452877,0.78446214862791186,0.52476779896899528
28,0.81593239416002994,0.477586493779521,0.78446214862791186,0.52309369138512474
21,0.81527141898885025,0.47861559395406816,0.78446214862791186,0.52531232883730727
22,0.81507025073820738,0.47889733932880019,0.78446214862791186,0.52327515713247175
23,0.81561627371419376,0.47808096756704765,0.78446214862791186,0.52433881650407954
0,0.81531607762150382,0.47853465204865769,0.78446214862791186,0.52460291435519057
24,0.81435179757322329,0.47991601437656556,0.78446214862791186,0.52554072273442465
1,0.81553005902565812,0.47823668762891186,0.78446214862791186,0.52323896595206398
25,0.81676580038694735,0.47634287594286062,0.78446214862791186,0.52435506411282662
2,0.8153863685050291,0.47838395747637708,0.78446214862791186,0.52541724975365567
26,0.81535762966571601,0.47840786224316395,0.78446214862791186,0.52326728813201784
3,0.81555879735451964,0.47817189857309317,0.78446214862791186,0.52524848300147342
27,0.81426558218581424,0.4800528569372508,0.78446214862791186,0.52593452343902736
4,0.81498403542959286,0.47900743662058859,0.78446214862791186,0.52404626550902411
28,0.81679453794499268,0.47628819905475189,0.78446214862791186,0.52447773771456985
5,0.81553005824456437,0.47817541879974096,0.78446214862791186,0.52560379436291549
6,0.81541510835154207,0.47839801548116356,0.78446214862791186,0.52470739654810783
0,0.81537354574806387,0.47838262519959746,0.78446214862791186,0.52523335280171424
7,0.8152426798069522,0.47860834464641927,0.78446214862791186,0.52380720754543619
1,0.8153863689092794,0.47836611982333604,0.78446214862791186,0.52463542738283775
8,0.815098987059521,0.47884178926613313,0.78446214862791186,0.52319238860293693
2,0.81527141702241257,0.47850536431999569,0.78446214862791186,0.52631262799658152
9,0.81573122437803225,0.47791408905730282,0.78446214862791186,0.52491333498897785
3,0.81541510701546072,0.47832573815098089,0.78446214862791186,0.52312515646337987
10,0.81518520232359937,0.47875998337028952,0.78446214862791186,0.52397184756647541
4,0.81527141597067676,0.47859901603475419,0.78446214862791186,0.52448941298215035
11,0.8155300578266107,0.47813291071708075,0.78446214862791186,0.52256379611938597
5,0.8154725840500272,0.47828812485375405,0.78446214862791186,0.52442258833888988
12,0.81564501065558614,0.47805138443822742,0.78446214862791186,0.52488647347902395
6,0.81575996398816153,0.47782859457913945,0.78446214862791186,0.52393538448440125
13,0.81469665515572531,0.47945824193108966,0.78446214862791186,0.52349858003783512
7,0.81547258359781505,0.47828574231665316,0.78446214862791186,0.52386166006920343
14,0.81581744086513897,0.47774334724005546,0.78446214862791186,0.52519375442033744
8,0.81532889332042147,0.47849420504134649,0.78446214862791186,0.5251341852771334
15,0.81492655813808768,0.47911850727333827,0.78446214862791186,0.5244461762240209
9,0.81489781999422206,0.4790935874958232,0.78446214862791186,0.52350358445330925
16,0.8159323913713884,0.47758907835781667,0.78446214862791186,0.52395172993025452
10,0.81509898802218472,0.47883167718963643,0.78446214862791186,0.5249904921330304
17,0.81509899042370537,0.47882306465634084,0.78446214862791186,0.52526298984588382
11,0.81581743973803444,0.47775081946773973,0.78446214862791186,0.52531502125747653
18,0.8157887030261739,0.47779570634390367,0.78446214862791186,0.52384626390449551
12,0.81547258284755397,0.47831973572669712,0.78446214862791186,0.52319165743679641
19,0.81495529647722675,0.47905941381328943,0.78446214862791186,0.52377964942103838
13,0.81518520130612204,0.47873950961931316,0.78446214862791186,0.52405982057886769
20,0.81518520372819769,0.47872896543226628,0.78446214862791186,0.52366974534266497
14,0.81535763217001211,0.47845144481015833,0.78446214862791186,0.52356819470090221
21,0.81575996625264813,0.47780318537875111,0.78446214862791186,0.52458006986583849
15,0.8154151044357959,0.47837858606447525,0.78446214862791186,0.52504285908790227
22,0.81498403595374791,0.4789891011256488,0.78446214862791186,0.52316839987063313
16,0.81573122807452403,0.47790443532051746,0.78446214862791186,0.52403868135228104
23,0.81504151071012443,0.47894690783917226,0.78446214862791186,0.52407285666085812
17,0.81527141731703567,0.47855439495827257,0.78446214862791186,0.52363754114306782
24,0.81558753558403152,0.47813380118789739,0.78446214862791186,0.52519230384275728
18,0.81484034395315186,0.47920573615553697,0.78446214862791186,0.52419081532147771
25,0.8157312276462928,0.47790385041921501,0.78446214862791186,0.52520063305756015
19,0.8158174424924175,0.477753455715556,0.78446214862791186,0.52524936294175717
26,0.81575996609505907,0.47786987914358553,0.78446214862791186,0.52379946630314522
20,0.81564501264257894,0.47801260754689168,0.78446214862791186,0.52581517784244036
27,0.81593239456428024,0.47761455851868484,0.78446214862791186,0.52545233563597937
21,0.81518520076826362,0.47875968994798168,0.78446214862791186,0.52496938555839057
28,0.81484034564209573,0.47927895725419178,0.78446214862791186,0.52446921353796094
22,0.81472539320366721,0.47939099678689145,0.78446214862791186,0.52395677815870456
23,0.81553005764504072,0.47822147803076775,0.78446214862791186,0.52333818506672092
0,0.81537354951617358,0.47840569909105357,0.78446214862791186,0.52260442060303403
24,0.81573122729000447,0.47791384576973489,0.78446214862791186,0.52381979599891904
1,0.81541510836181963,0.47842967259708136,0.78446214862791186,0.52368202188100477
25,0.8150127726758859,0.47895433422470618,0.78446214862791186,0.52530144624026176
2,0.81509898828254934,0.4788659308927376,0.78446214862791186,0.52385365197145606
26,0.81607608165905954,0.47739530419893611,0.78446214862791186,0.52586766958711628
3,0.81564501300571901,0.47803074633725384,0.78446214862791186,0.52652307383092756
27,0.81501277251829685,0.47899756052132486,0.78446214862791186,0.52557353657555295
4,0.81504151393042301,0.47894260845270109,0.78446214862791186,0.52302099984005623
28,0.81530015468665928,0.47855613205331282,0.78446214862791186,0.52433519510633919
5,0.81541510546355078,0.47834179165408053,0.78446214862791186,0.52619824086527422
6,0.81561627312494767,0.47802730854511277,0.78446214862791186,0.52246091589034793
0,0.81525860555555629,0.47867492976031084,0.78446214862791186,0.52319433537137461
7,0.81515646532739339,0.47879484864279132,0.78446214862791186,0.52365344252244406
1,0.81538636900520323,0.47840627071761321,0.78446214862791186,0.5251834016159711
8,0.81587491649168131,0.47772045232723659,0.78446214862791186,0.52523119801069162
2,0.81527141819405313,0.47857040582496063,0.78446214862791186,0.5246671983207839
9,0.81469665656374946,0.47943918305258437,0.78446214862791186,0.5232255879151394
3,0.81567375003618359,0.47794962177524097,0.78446214862791186,0.52346270754042845
10,0.8162197724845891,0.477163063661735,0.78446214862791186,0.52517675617301607
4,0.81498403595374791,0.47902217858768892,0.78446214862791186,0.5246504098770628
11,0.81446674894621263,0.47979955921060863,0.78446214862791186,0.52425761111229063
5,0.81564501049799709,0.47796744392031715,0.78446214862791186,0.52555199816407439
12,0.81578870148454163,0.47784747203150013,0.78446214862791186,0.52440706702817486
6,0.81509898779265277,0.47883763134412721,0.78446214862791186,0.5234363134876191
13,0.81463918099887245,0.47948586410443861,0.78446214862791186,0.52444540528187233
7,0.81570249017389374,0.47795997342953866,0.78446214862791186,0.52354600704998611
14,0.81593239335152945,0.47758116162699948,0.78446214862791186,0.52470174526788327
8,0.81538637030360017,0.47841671912133032,0.78446214862791186,0.52537668629946466
15,0.81527141793711444,0.47855593396383556,0.78446214862791186,0.52442013932414266
9,0.81530015600903727,0.47855175174912984,0.78446214862791186,0.52325970076944728
16,0.81492656133097952,0.47913044938432159,0.78446214862791186,0.52410024357032015
10,0.81495529992705729,0.4790534464474378,0.78446214862791186,0.52452442382436348
17,0.81567374909407486,0.47796052402266997,0.78446214862791186,0.52391223282928012
11,0.81570248813208734,0.47793494319149754,0.78446214862791186,0.52326860869548231
18,0.81558753396703054,0.47815096931601131,0.78446214862791186,0.52391929776070123
12,0.81535763097439062,0.47843400001642356,0.78446214862791186,0.52522562806349826
19,0.81544384692363892,0.47833654244309148,0.78446214862791186,0.52341864284766149
13,0.81555879620343419,0.4781413096867646,0.78446214862791186,0.52410678642679498
20,0.81550132084753391,0.47821190889962129,0.78446214862791186,0.52555544383497355
14,0.81509898879642673,0.47881587338429754,0.78446214862791186,0.52648813316071652
21,0.81472539514954978,0.47935426268943593,0.78446214862791186,0.52313032330744769
15,0.81521394002553038,0.47871573812664148,0.78446214862791186,0.52420172641476792
22,0.81567374863158515,0.47796483917318822,0.78446214862791186,0.52295698884473851
16,0.81596113132410264,0.47756793502024797,0.78446214862791186,0.52535752874921515
23,0.81633472782471239,0.47701715787282623,0.78446214862791186,0.52525162708711814
17,0.81518520301904684,0.47873074888076494,0.78446214862791186,0.52461712175156494
24,0.8145242260869805,0.47967602652451957,0.78446214862791186,0.52316376543140031
18,0.81567374913175927,0.47794506783957769,0.78446214862791186,0.52334121724523874
25,0.81507024996739119,0.47891720397570292,0.78446214862791186,0.52371292498957112
19,0.81449548716202114,0.47972316803968368,0.78446214862791186,0.52445470740595657
26,0.81578870172777695,0.47782527701119587,0.78446214862791186,0.52314221858978271
20,0.81570248687137459,0.47795073954604167,0.78446214862791186,0.52528568496742101
27,0.81607608384817742,0.47735414875476262,0.78446214862791186,0.52512570758502319
21,0.81570248761820985,0.47793300435416786,0.78446214862791186,0.52340760969545741
28,0.81435179601788754,0.47997793808515637,0.78446214862791186,0.52517436130113337
22,0.81495529793321286,0.47903659013501837,0.78446214862791186,0.52357262610439281
29,0.81527141553901972,0.47851812230648932,0.78446214862791186,0.52539470447487091
23,0.81547258366975794,0.47830824721190807,0.78446214862791186,0.52376786099962025
24,0.8155300599814701,0.47818979860143485,0.78446214862791186,0.52264912729244306
25,0.81538636773421302,0.47837144975419404,0.78446214862791186,0.52452879728549029
26,0.81567375022117938,0.47800088372248206,0.78446214862791186,0.52407629069579076
27,0.8151564631759598,0.47874604267430249,0.78446214862791186,0.52418038213395501
28,0.81521393897036876,0.47864073588679767,0.78446214862791186,0.5261735919699726
29,0.81532889542389309,0.47844279035516907,0.78446214862791186,0.52735216268505236
0,0.81528734253055746,0.47856653188408793,0.78446214862791186,0.52350869204893535
1,0.81553005870705408,0.47816194553438551,0.78446214862791186,0.52488073255436352
2,0.81538636883733651,0.4783826446890862,0.78446214862791186,0.52446131200429458
3,0.8151277268409427,0.47880047062390441,0.78446214862791186,0.5236796646479116
4,0.81530015359723906,0.47854980363202998,0.78446214862791186,0.52475499323164798
5,0.81555879664194286,0.47816283708091889,0.78446214862791186,0.52495060124957704
6,0.81521393962128019,0.47872030292396095,0.78446214862791186,0.52410141844673463
7,0.81541510867699774,0.47831159510975491,0.78446214862791186,0.52323786540335393
8,0.81581744120429811,0.47774097601254067,0.78446214862791186,0.52578263305335404
9,0.81507024979609866,0.47888698012136049,0.78446214862791186,0.5242506916304509
10,0.81527141966374261,0.47854349175931382,0.78446214862791186,0.52292357842285797
11,0.81538636915594054,0.47839382824673166,0.78446214862791186,0.5252200344881689
12,0.81550131996709063,0.47814283276212677,0.78446214862791186,0.52470652563163489
13,0.81524267908409798,0.47861825515063433,0.78446214862791186,0.52320158410357287
14,0.81544384457008023,0.47830043606149414,0.78446214862791186,0.52542805992274644
15,0.81486908363864985,0.47919191429285246,0.78446214862791186,0.52408466894788097
16,0.81590365404630083,0.47763878870607157,0.78446214862791186,0.52515025597169585
17,0.81535763162187613,0.47841438786320312,0.78446214862791186,0.52514593582229308
18,0.81598987009147295,0.47751944542212071,0.78446214862791186,0.52431676195437216
19,0.81452422257548462,0.47971276546355707,0.78446214862791186,0.52465272733414792
20,0.81535763127929117,0.47843667017758179,0.78446214862791186,0.52396602447764329
21,0.81564501190602134,0.47799551031759224,0.78446214862791186,0.52421122551914234
22,0.81567375082070315,0.47797147746599589,0.78446214862791186,0.52425497034156465
23,0.81478287028276974,0.47929945832888832,0.78446214862791186,0.52351153609287215
24,0.81507025049497206,0.47885628554328857,0.78446214862791186,0.52458557070963885
25,0.81636346584524744,0.47692885969302967,0.78446214862791186,0.52431695703491277
26,0.81504151261832269,0.47890552061657271,0.78446214862791186,0.52478539231288956
27,0.81532889116556206,0.47850962723058937,0.78446214862791186,0.52350947533945635
28,0.81449548724766729,0.47969504652648326,0.78446214862791186,0.5229641043569937
29,0.81598986915964178,0.47754769923906443,0.78446214862791186,0.52556354982919429
0,0.81537354934489592,0.47837921082117091,0.78446214862791186,0.52512219856934716
1,0.81544384618708121,0.47830254684821194,0.78446214862791186,0.52422037696933366
2,0.8153863671963546,0.47838983355618298,0.78446214862791186,0.52543050775015021
3,0.81535763135465988,0.47833531432396126,0.78446214862791186,0.522806690864829
4,0.81481160600455971,0.47920424849917759,0.78446214862791186,0.52619788454348349
5,0.81567375091662686,0.47791964331878978,0.78446214862791186,0.5230685553227763
6,0.81544384652966617,0.47832623417460995,0.78446214862791186,0.52458205356065968
7,0.81544384544024606,0.47826684481964632,0.78446214862791186,0.52351507093326977
8,0.81486908323439966,0.47916666147136572,0.78446214862791186,0.52344854217601489
9,0.81558753679335638,0.47807186438999161,0.78446214862791186,0.52391053053487346
10,0.8156737509063493,0.47796227188943791,0.78446214862791186,0.52473304198082704
11,0.81521394161512462,0.47865424503364568,0.78446214862791186,0.52424539014162774
12,0.81578870359143918,0.47782218817267214,0.78446214862791186,0.52434809891826129
13,0.81512772756379703,0.47876385204010313,0.78446214862791186,0.52429431748105237
14,0.8152426775801499,0.4786296477561936,0.78446214862791186,0.52413737951996797
15,0.81527141662843994,0.47855912513163124,0.78446214862791186,0.52339838427376462
16,0.81570248801903422,0.47790516937303518,0.78446214862791186,0.525564934865412
17,0.81524268061545269,0.47859317421858333,0.78446214862791186,0.52406837253931504
18,0.81472539191554771,0.47937351626068858,0.78446214862791186,0.52484754689661151
19,0.81532889195008162,0.47846966615321906,0.78446214862791186,0.52440489692042069
20,0.81555880024251082,0.47815357046085938,0.78446214862791186,0.52421328045457483
21,0.81561627209719278,0.47805307712911765,0.78446214862791186,0.52375613966311119
22,0.81495529681981171,0.47903739610297152,0.78446214862791186,0.52399385497864504
23,0.81624851292719991,0.4771044387688434,0.78446214862791186,0.52567132262594674
24,0.81584617777227286,0.47771772685830549,0.78446214862791186,0.52429747118417958
25,0.81337470057558992,0.48136822985558586,0.78446214862791186,0.52411243592600421
26,0.8159898724039214,0.47749060521106063,0.78446214862791186,0.52412617165016462
27,0.81682327458491033,0.47621673593854247,0.78446214862791186,0.5258658785981486
28,0.81458170154223031,0.47959711254679355,0.78446214862791186,0.52420975048228569
29,0.8154725816005447,0.47818669877621134,0.78446214862791186,0.52617254081475306
0,0.81525860615502832,0.47862914238853016,0.78446214862791186,0.52447321191726926
1,0.81558753378203463,0.47804963794779454,0.78446214862791186,0.52388600880406289
2,0.81509898575084638,0.47882239058788068,0.78446214862791186,0.52324790403662447
3,0.81553005847409632,0.47818119362170941,0.78446214862791186,0.52292928657683724
4,0.81527141511078849,0.4785852809591184,0.78446214862791186,0.52440907755695965
5,0.81538636742931236,0.47840533595313034,0.78446214862791186,0.52444792636837145
6,0.81530015297373448,0.47857182806729071,0.78446214862791186,0.52397003205886405
7,0.81578870338246234,0.47780429806473457,0.78446214862791186,0.52479506334460591
8,0.81512772571726411,0.47880674801972639,0.78446214862791186,0.52451445999373481
9,0.81527141473394504,0.47859275229351239,0.78446214862791186,0.52493914415636855
10,0.81518519998374406,0.47870379547180447,0.78446214862791186,0.52474137558880085
11,0.81590365306650781,0.4776308766952187,0.78446214862791186,0.52371643370841126
12,0.81472539271377065,0.4793791900826147,0.78446214862791186,0.5242123863849032
13,0.81558753378203463,0.47808236044213825,0.78446214862791186,0.52580240772539877
14,0.81570248614852037,0.47795617733463652,0.78446214862791186,0.52384462347068639
15,0.81466791725852084,0.47944268626389352,0.78446214862791186,0.52303891210442044
16,0.81558753642679049,0.47802434241795339,0.78446214862791186,0.52386847150278282
17,0.81504151222777577,0.47891848554322614,0.78446214862791186,0.52416333306833096
18,0.81624851394467723,0.47712926635331909,0.78446214862791186,0.52458744433771565
19,0.81558753505645065,0.47810932947468593,0.78446214862791186,0.52475168927019811
20,0.81440927443307143,0.47986873514738515,0.78446214862791186,0.52398704734456492
21,0.81564501183065263,0.47801058180946027,0.78446214862791186,0.52509632006109475
22,0.8156737519717886,0.47794228853170673,0.78446214862791186,0.52355220640798017
23,0.81489782010727507,0.47910928583338358,0.78446214862791186,0.52488518509256887
24,0.81547258403632383,0.47822706477273508,0.78446214862791186,0.5260178905084314
25,0.81573122517282937,0.47777497271568259,0.78446214862791186,0.52297196658958955
26,0.81512772569328318,0.4787539735461705,0.78446214862791186,0.52483136625403903
27,0.81541510842348486,0.47837882608463905,0.78446214862791186,0.52440918429914218
28,0.81581744250269506,0.47776568436974109,0.78446214862791186,0.52463114202260019
29,0.81498403578245537,0.4790320907388812,0.78446214862791186,0.52417626727624722
0,0.81534481416831073,0.47849822705932732,0.78446214862791186,0.52378544163893892
1,0.81541510735804568,0.47835062457956273,0.78446214862791186,0.52461540045966193
2,0.81541510558345554,0.47834211905139562,0.78446214862791186,0.52489414739893725
3,0.81509898840587991,0.47884503815863866,0.78446214862791186,0.52472600774223588
4,0.81518520069289491,0.47867381754807298,0.78446214862791186,0.5244507301613629
5,0.81570248880355378,0.4779017405780317,0.78446214862791186,0.52474623443595914
6,0.81527141774184098,0.47859319604210193,0.78446214862791186,0.52395106359307031
7,0.81524268077304174,0.47861728772153167,0.78446214862791186,0.52486742088994187
8,0.81553006032405506,0.47808904006953457,0.78446214862791186,0.52722442102622225
9,0.81596113064921028,0.47753315428058579,0.78446214862791186,0.52471839289266275
10,0.81484034338103506,0.47922937988971132,0.78446214862791186,0.52470726237828991
11,0.81530015478258311,0.4785559530184112,0.78446214862791186,0.52351269066571238
12,0.81515646516980433,0.4787275807432434,0.78446214862791186,0.52396595858007788
13,0.81509899032435573,0.47880395381026603,0.78446214862791186,0.52495279801319317
14,0.81593239348513757,0.47759254370235343,0.78446214862791186,0.52494417647441549
15,0.81501277284032669,0.47893019099651707,0.78446214862791186,0.52408090839347987
16,0.81524267862160826,0.47860273914192997,0.78446214862791186,0.52494806253102666
17,0.81596113164270667,0.47756056358020332,0.78446214862791186,0.52476195605152631
18,0.81507025064228356,0.47885188191163902,0.78446214862791186,0.5250662425124788
19,0.81555879701193468,0.47817418938906547,0.78446214862791186,0.52399483180616002
20,0.81521393908342177,0.47848305159006754,0.78446214862791186,0.52666838781767156
21,0.81507024917259407,0.47892864003045654,0.78446214862791186,0.52447418981339355
22,0.81553006114283322,0.47816693391060494,0.78446214862791186,0.52378521758721641
23,0.81535763267361205,0.47843434123104667,0.78446214862791186,0.52357526509410357
24,0.81581744014228474,0.47775756833498295,0.78446214862791186,0.52362637417724878
25,0.81426558262774884,0.48003817794069248,0.78446214862791186,0.52361548944298486
26,0.81624851152260147,0.47712522005662805,0.78446214862791186,0.5251415742346015
27,0.81512772476145201,0.47877211315788015,0.78446214862791186,0.52393188478937192
28,0.81578870516732993,0.47780022603134814,0.78446214862791186,0.52365910520116643
29,0.81420810546985178,0.4801481852748084,0.78446214862791186,0.52389753031065744
0,0.8153448138257553,0.47850062672434179,0.78446214862791186,0.52404922935592224
1,0.81541510555947461,0.47828074287322658,0.78446214862791186,0.52562540128411528
2,0.8153001556287679,0.47850832104491076,0.78446214862791186,0.52351778270713833
3,0.81509898618935517,0.47883685776415641,0.78446214862791186,0.52320751108496311
4,0.81538636992333091,0.47840155197545831,0.78446214862791186,0.52418941378118511
5,0.81561627045621077,0.47802915287952397,0.78446214862791186,0.52415991892140223
6,0.81521393785696761,0.47860881910689429,0.78446214862791186,0.52273251288440603
7,0.81561627529008462,0.47806995874314956,0.78446214862791186,0.52411806820873241
8,0.81486908254922974,0.47910693279884325,0.78446214862791186,0.52592830425239656
9,0.81621977357400932,0.47713704431495829,0.78446214862791186,0.52525418355645415
10,0.81527141366850575,0.47859856508674165,0.78446214862791186,0.52495556998537829
11,0.8150989881831997,0.47882428145218153,0.78446214862791186,0.52471808430208156
12,0.81541510888597457,0.47833141572335591,0.78446214862791186,0.5244741641667735
13,0.8149265577578183,0.47907020750325191,0.78446214862791186,0.52406502838628699
14,0.81541510543614404,0.47834578436877045,0.78446214862791186,0.52482936926097035
15,0.81553005967314363,0.47816320238954246,0.78446214862791186,0.52437836691677808
16,0.81495529768655162,0.47904110956295476,0.78446214862791186,0.52375014535934328
17,0.81613355940277699,0.47727973233606191,0.78446214862791186,0.52531032400777145
18,0.81484034283975082,0.47919878381851966,0.78446214862791186,0.52353777567228943
19,0.81593239180989718,0.47758804694840279,0.78446214862791186,0.52410437778172736
20,0.81515646515610085,0.47875117474607165,0.78446214862791186,0.52376471216460152
21,0.8158174389192564,0.47772706005975263,0.78446214862791186,0.52402198516515142
22,0.81472539329959093,0.47935355368244836,0.78446214862791186,0.52318342035985088
23,0.81538636845706725,0.47838423056284146,0.78446214862791186,0.52532279895121359
24,0.81555879932438313,0.47812352257699609,0.78446214862791186,0.52460708644285625
25,0.8153001556287679,0.47849026784940152,0.78446214862791186,0.52405352136528349
26,0.81449548843301134,0.47969646664136073,0.78446214862791186,0.52337562337339638
27,0.81593239534537398,0.4776220103582815,0.78446214862791186,0.524226445600806
28,0.81527141825571847,0.47853009924037765,0.78446214862791186,0.52301913749174289
29,0.81679453766407295,0.47630778706001475,0.78446214862791186,0.52399882531735997
0,0.8154597546177349,0.47831242283185321,0.78446214862791186,0.52433513372067908
1,0.8151852038035664,0.47872500514238664,0.78446214862791186,0.52359727048778915
2,0.81544384593014252,0.47832718446589984,0.78446214862791186,0.5248950289421348
3,0.81524267652841409,0.47860347242106221,0.78446214862791186,0.52395929247734552
4,0.8156162722102458,0.47801308755981248,0.78446214862791186,0.52499123944704273
5,0.8153001555191407,0.47848962211271784,0.78446214862791186,0.52333014063626171
6,0.81544384674892056,0.47830913034369832,0.78446214862791186,0.52347856593796926
7,0.81527141710805884,0.47851559105582542,0.78446214862791186,0.52549822990637851
8,0.81538636825836797,0.47839232618467464,0.78446214862791186,0.5248797781082738
9,0.81547258396438094,0.47824557845981741,0.78446214862791186,0.52540410111149949
10,0.81535763057014032,0.4784381577988262,0.78446214862791186,0.52381709728582926
11,0.81530015639958409,0.47853580965722953,0.78446214862791186,0.52363930434819717
12,0.81521394129652069,0.47857314116804683,0.78446214862791186,0.52299752962066837
13,0.81515646534109676,0.47873390924931603,0.78446214862791186,0.52330965421114306
14,0.81524267995426369,0.47856462294111157,0.78446214862791186,0.52509211092831132
15,0.81639220163898019,0.47688106698551636,0.78446214862791186,0.52464368191373301
16,0.81446674901815541,0.479754836682729,0.78446214862791186,0.52452436801921798
17,0.81624851230369522,0.47708728084119673,0.78446214862791186,0.52514155096266846
18,0.81469665466582886,0.47937080561455242,0.78446214862791186,0.52644018704197793
19,0.81489782000792543,0.47915178921235224,0.78446214862791186,0.52562227132785844
20,0.81578870329681608,0.47780792726765908,0.78446214862791186,0.52425641130166223
21,0.8155300599437858,0.47819488778927477,0.78446214862791186,0.52417950943646674
22,0.81507024897732061,0.47881882883479659,0.78446214862791186,0.52298465270207695
23,0.81619103599540888,0.4771895203421978,0.78446214862791186,0.52564618086434933
24,0.81573122642326445,0.47789997803834977,0.78446214862791186,0.5245525278893125
25,0.81478287058767029,0.47927821828986211,0.78446214862791186,0.52537166169915062
26,0.81544384624874655,0.47832142904194846,0.78446214862791186,0.52478858614822788
27,0.81532889432419542,0.47847458434748297,0.78446214862791186,0.52365613233045749
28,0.81455296249394038,0.47962199996030719,0.78446214862791186,0.5241826151709158
29,0.81535763307786224,0.47842680772090773,0.78446214862791186,0.52475704377390953
